GAS LISTING C:\Users\RAGHAV~1\AppData\Local\Temp/ccqz1OJ1.s 			page 1


   1               		.file	"boardinit.c"
   2               	__SREG__ = 0x3f
   3               	__SP_H__ = 0x3e
   4               	__SP_L__ = 0x3d
   5               	__CCP__  = 0x34
   6               	__tmp_reg__ = 0
   7               	__zero_reg__ = 1
   8               		.text
   9               	.global	BoardInit
  10               		.type	BoardInit, @function
  11               	BoardInit:
  12               	/* prologue: function */
  13               	/* frame size = 0 */
  14 0000 8FEF      		ldi r24,lo8(-1)
  15 0002 87BB      		out 55-32,r24
  16 0004 81E0      		ldi r24,lo8(1)
  17 0006 0E94 0000 		call ks0108Init
  18 000a 80E0      		ldi r24,lo8(Arial_Bold_14)
  19 000c 90E0      		ldi r25,hi8(Arial_Bold_14)
  20 000e 60E0      		ldi r22,lo8(gs(ks0108ReadFontData))
  21 0010 70E0      		ldi r23,hi8(gs(ks0108ReadFontData))
  22 0012 4FEF      		ldi r20,lo8(-1)
  23 0014 0E94 0000 		call ks0108SelectFont
  24 0018 87E6      		ldi r24,lo8(103)
  25 001a 90E0      		ldi r25,hi8(103)
  26 001c 63E0      		ldi r22,lo8(3)
  27 001e 40E0      		ldi r20,lo8(0)
  28 0020 20E0      		ldi r18,lo8(0)
  29 0022 0E94 0000 		call UartInit
  30 0026 0E94 0000 		call GsmInit
  31               	/* epilogue start */
  32 002a 0895      		ret
  33               		.size	BoardInit, .-BoardInit
  34               		.section	.progmem.data,"a",@progbits
  35               		.type	Arial_Bold_14, @object
  36               		.size	Arial_Bold_14, 1332
  37               	Arial_Bold_14:
  38 0000 22        		.byte	34
  39 0001 08        		.byte	8
  40 0002 0A        		.byte	10
  41 0003 0E        		.byte	14
  42 0004 20        		.byte	32
  43 0005 60        		.byte	96
  44 0006 04        		.byte	4
  45 0007 02        		.byte	2
  46 0008 05        		.byte	5
  47 0009 06        		.byte	6
  48 000a 07        		.byte	7
  49 000b 08        		.byte	8
  50 000c 09        		.byte	9
  51 000d 02        		.byte	2
  52 000e 03        		.byte	3
  53 000f 03        		.byte	3
  54 0010 05        		.byte	5
  55 0011 08        		.byte	8
  56 0012 02        		.byte	2
  57 0013 04        		.byte	4
GAS LISTING C:\Users\RAGHAV~1\AppData\Local\Temp/ccqz1OJ1.s 			page 2


  58 0014 02        		.byte	2
  59 0015 04        		.byte	4
  60 0016 07        		.byte	7
  61 0017 04        		.byte	4
  62 0018 07        		.byte	7
  63 0019 07        		.byte	7
  64 001a 07        		.byte	7
  65 001b 07        		.byte	7
  66 001c 07        		.byte	7
  67 001d 07        		.byte	7
  68 001e 07        		.byte	7
  69 001f 07        		.byte	7
  70 0020 02        		.byte	2
  71 0021 02        		.byte	2
  72 0022 07        		.byte	7
  73 0023 07        		.byte	7
  74 0024 07        		.byte	7
  75 0025 08        		.byte	8
  76 0026 0E        		.byte	14
  77 0027 09        		.byte	9
  78 0028 08        		.byte	8
  79 0029 08        		.byte	8
  80 002a 08        		.byte	8
  81 002b 07        		.byte	7
  82 002c 07        		.byte	7
  83 002d 09        		.byte	9
  84 002e 08        		.byte	8
  85 002f 02        		.byte	2
  86 0030 07        		.byte	7
  87 0031 08        		.byte	8
  88 0032 07        		.byte	7
  89 0033 0B        		.byte	11
  90 0034 08        		.byte	8
  91 0035 09        		.byte	9
  92 0036 07        		.byte	7
  93 0037 09        		.byte	9
  94 0038 09        		.byte	9
  95 0039 07        		.byte	7
  96 003a 08        		.byte	8
  97 003b 08        		.byte	8
  98 003c 09        		.byte	9
  99 003d 0D        		.byte	13
 100 003e 07        		.byte	7
 101 003f 08        		.byte	8
 102 0040 08        		.byte	8
 103 0041 04        		.byte	4
 104 0042 04        		.byte	4
 105 0043 04        		.byte	4
 106 0044 06        		.byte	6
 107 0045 08        		.byte	8
 108 0046 03        		.byte	3
 109 0047 07        		.byte	7
 110 0048 07        		.byte	7
 111 0049 06        		.byte	6
 112 004a 07        		.byte	7
 113 004b 07        		.byte	7
 114 004c 05        		.byte	5
GAS LISTING C:\Users\RAGHAV~1\AppData\Local\Temp/ccqz1OJ1.s 			page 3


 115 004d 07        		.byte	7
 116 004e 07        		.byte	7
 117 004f 02        		.byte	2
 118 0050 03        		.byte	3
 119 0051 06        		.byte	6
 120 0052 02        		.byte	2
 121 0053 0A        		.byte	10
 122 0054 07        		.byte	7
 123 0055 07        		.byte	7
 124 0056 07        		.byte	7
 125 0057 07        		.byte	7
 126 0058 05        		.byte	5
 127 0059 06        		.byte	6
 128 005a 05        		.byte	5
 129 005b 07        		.byte	7
 130 005c 07        		.byte	7
 131 005d 0B        		.byte	11
 132 005e 06        		.byte	6
 133 005f 07        		.byte	7
 134 0060 05        		.byte	5
 135 0061 05        		.byte	5
 136 0062 01        		.byte	1
 137 0063 05        		.byte	5
 138 0064 07        		.byte	7
 139 0065 08        		.byte	8
 140 0066 00        		.byte	0
 141 0067 00        		.byte	0
 142 0068 00        		.byte	0
 143 0069 00        		.byte	0
 144 006a 00        		.byte	0
 145 006b 00        		.byte	0
 146 006c 00        		.byte	0
 147 006d 00        		.byte	0
 148 006e FE        		.byte	-2
 149 006f FE        		.byte	-2
 150 0070 18        		.byte	24
 151 0071 18        		.byte	24
 152 0072 1E        		.byte	30
 153 0073 1E        		.byte	30
 154 0074 00        		.byte	0
 155 0075 1E        		.byte	30
 156 0076 1E        		.byte	30
 157 0077 00        		.byte	0
 158 0078 00        		.byte	0
 159 0079 00        		.byte	0
 160 007a 00        		.byte	0
 161 007b 00        		.byte	0
 162 007c 90        		.byte	-112
 163 007d F8        		.byte	-8
 164 007e 9E        		.byte	-98
 165 007f 90        		.byte	-112
 166 0080 F8        		.byte	-8
 167 0081 9E        		.byte	-98
 168 0082 1C        		.byte	28
 169 0083 00        		.byte	0
 170 0084 00        		.byte	0
 171 0085 1C        		.byte	28
GAS LISTING C:\Users\RAGHAV~1\AppData\Local\Temp/ccqz1OJ1.s 			page 4


 172 0086 00        		.byte	0
 173 0087 00        		.byte	0
 174 0088 18        		.byte	24
 175 0089 3C        		.byte	60
 176 008a 26        		.byte	38
 177 008b FF        		.byte	-1
 178 008c 66        		.byte	102
 179 008d CC        		.byte	-52
 180 008e 88        		.byte	-120
 181 008f 04        		.byte	4
 182 0090 0C        		.byte	12
 183 0091 18        		.byte	24
 184 0092 3C        		.byte	60
 185 0093 18        		.byte	24
 186 0094 0C        		.byte	12
 187 0095 04        		.byte	4
 188 0096 1C        		.byte	28
 189 0097 22        		.byte	34
 190 0098 1C        		.byte	28
 191 0099 C0        		.byte	-64
 192 009a 30        		.byte	48
 193 009b 8E        		.byte	-114
 194 009c 40        		.byte	64
 195 009d 80        		.byte	-128
 196 009e 00        		.byte	0
 197 009f 00        		.byte	0
 198 00a0 18        		.byte	24
 199 00a1 04        		.byte	4
 200 00a2 00        		.byte	0
 201 00a3 0C        		.byte	12
 202 00a4 10        		.byte	16
 203 00a5 0C        		.byte	12
 204 00a6 80        		.byte	-128
 205 00a7 CC        		.byte	-52
 206 00a8 7E        		.byte	126
 207 00a9 72        		.byte	114
 208 00aa F2        		.byte	-14
 209 00ab DE        		.byte	-34
 210 00ac 0C        		.byte	12
 211 00ad 80        		.byte	-128
 212 00ae 00        		.byte	0
 213 00af 0C        		.byte	12
 214 00b0 1C        		.byte	28
 215 00b1 10        		.byte	16
 216 00b2 10        		.byte	16
 217 00b3 10        		.byte	16
 218 00b4 1C        		.byte	28
 219 00b5 0C        		.byte	12
 220 00b6 1C        		.byte	28
 221 00b7 10        		.byte	16
 222 00b8 1E        		.byte	30
 223 00b9 1E        		.byte	30
 224 00ba 00        		.byte	0
 225 00bb 00        		.byte	0
 226 00bc F0        		.byte	-16
 227 00bd FC        		.byte	-4
 228 00be 06        		.byte	6
GAS LISTING C:\Users\RAGHAV~1\AppData\Local\Temp/ccqz1OJ1.s 			page 5


 229 00bf 1C        		.byte	28
 230 00c0 7C        		.byte	124
 231 00c1 C0        		.byte	-64
 232 00c2 06        		.byte	6
 233 00c3 FC        		.byte	-4
 234 00c4 F0        		.byte	-16
 235 00c5 C0        		.byte	-64
 236 00c6 7C        		.byte	124
 237 00c7 1C        		.byte	28
 238 00c8 14        		.byte	20
 239 00c9 14        		.byte	20
 240 00ca 0E        		.byte	14
 241 00cb 14        		.byte	20
 242 00cc 14        		.byte	20
 243 00cd 00        		.byte	0
 244 00ce 00        		.byte	0
 245 00cf 00        		.byte	0
 246 00d0 00        		.byte	0
 247 00d1 00        		.byte	0
 248 00d2 60        		.byte	96
 249 00d3 60        		.byte	96
 250 00d4 60        		.byte	96
 251 00d5 FC        		.byte	-4
 252 00d6 FC        		.byte	-4
 253 00d7 60        		.byte	96
 254 00d8 60        		.byte	96
 255 00d9 60        		.byte	96
 256 00da 00        		.byte	0
 257 00db 00        		.byte	0
 258 00dc 00        		.byte	0
 259 00dd 0C        		.byte	12
 260 00de 0C        		.byte	12
 261 00df 00        		.byte	0
 262 00e0 00        		.byte	0
 263 00e1 00        		.byte	0
 264 00e2 00        		.byte	0
 265 00e3 00        		.byte	0
 266 00e4 58        		.byte	88
 267 00e5 38        		.byte	56
 268 00e6 C0        		.byte	-64
 269 00e7 C0        		.byte	-64
 270 00e8 C0        		.byte	-64
 271 00e9 C0        		.byte	-64
 272 00ea 00        		.byte	0
 273 00eb 00        		.byte	0
 274 00ec 00        		.byte	0
 275 00ed 00        		.byte	0
 276 00ee 00        		.byte	0
 277 00ef 00        		.byte	0
 278 00f0 18        		.byte	24
 279 00f1 18        		.byte	24
 280 00f2 00        		.byte	0
 281 00f3 C0        		.byte	-64
 282 00f4 38        		.byte	56
 283 00f5 06        		.byte	6
 284 00f6 18        		.byte	24
 285 00f7 04        		.byte	4
GAS LISTING C:\Users\RAGHAV~1\AppData\Local\Temp/ccqz1OJ1.s 			page 6


 286 00f8 00        		.byte	0
 287 00f9 00        		.byte	0
 288 00fa F8        		.byte	-8
 289 00fb FC        		.byte	-4
 290 00fc 0E        		.byte	14
 291 00fd 06        		.byte	6
 292 00fe 0E        		.byte	14
 293 00ff FC        		.byte	-4
 294 0100 F8        		.byte	-8
 295 0101 04        		.byte	4
 296 0102 0C        		.byte	12
 297 0103 1C        		.byte	28
 298 0104 18        		.byte	24
 299 0105 1C        		.byte	28
 300 0106 0C        		.byte	12
 301 0107 04        		.byte	4
 302 0108 18        		.byte	24
 303 0109 0C        		.byte	12
 304 010a FE        		.byte	-2
 305 010b FE        		.byte	-2
 306 010c 00        		.byte	0
 307 010d 00        		.byte	0
 308 010e 1C        		.byte	28
 309 010f 1C        		.byte	28
 310 0110 18        		.byte	24
 311 0111 1C        		.byte	28
 312 0112 86        		.byte	-122
 313 0113 C6        		.byte	-58
 314 0114 66        		.byte	102
 315 0115 3E        		.byte	62
 316 0116 1C        		.byte	28
 317 0117 18        		.byte	24
 318 0118 1C        		.byte	28
 319 0119 1C        		.byte	28
 320 011a 18        		.byte	24
 321 011b 18        		.byte	24
 322 011c 18        		.byte	24
 323 011d 18        		.byte	24
 324 011e 88        		.byte	-120
 325 011f 8C        		.byte	-116
 326 0120 06        		.byte	6
 327 0121 26        		.byte	38
 328 0122 26        		.byte	38
 329 0123 FE        		.byte	-2
 330 0124 DC        		.byte	-36
 331 0125 04        		.byte	4
 332 0126 0C        		.byte	12
 333 0127 1C        		.byte	28
 334 0128 18        		.byte	24
 335 0129 18        		.byte	24
 336 012a 0C        		.byte	12
 337 012b 04        		.byte	4
 338 012c C0        		.byte	-64
 339 012d E0        		.byte	-32
 340 012e B8        		.byte	-72
 341 012f 8C        		.byte	-116
 342 0130 FE        		.byte	-2
GAS LISTING C:\Users\RAGHAV~1\AppData\Local\Temp/ccqz1OJ1.s 			page 7


 343 0131 FE        		.byte	-2
 344 0132 80        		.byte	-128
 345 0133 04        		.byte	4
 346 0134 04        		.byte	4
 347 0135 04        		.byte	4
 348 0136 04        		.byte	4
 349 0137 1C        		.byte	28
 350 0138 1C        		.byte	28
 351 0139 04        		.byte	4
 352 013a 70        		.byte	112
 353 013b 7E        		.byte	126
 354 013c 3E        		.byte	62
 355 013d 36        		.byte	54
 356 013e 36        		.byte	54
 357 013f F6        		.byte	-10
 358 0140 C6        		.byte	-58
 359 0141 0C        		.byte	12
 360 0142 1C        		.byte	28
 361 0143 18        		.byte	24
 362 0144 18        		.byte	24
 363 0145 18        		.byte	24
 364 0146 0C        		.byte	12
 365 0147 04        		.byte	4
 366 0148 F8        		.byte	-8
 367 0149 FC        		.byte	-4
 368 014a 6E        		.byte	110
 369 014b 66        		.byte	102
 370 014c 66        		.byte	102
 371 014d EE        		.byte	-18
 372 014e CC        		.byte	-52
 373 014f 04        		.byte	4
 374 0150 0C        		.byte	12
 375 0151 18        		.byte	24
 376 0152 18        		.byte	24
 377 0153 18        		.byte	24
 378 0154 1C        		.byte	28
 379 0155 0C        		.byte	12
 380 0156 06        		.byte	6
 381 0157 06        		.byte	6
 382 0158 06        		.byte	6
 383 0159 E6        		.byte	-26
 384 015a 76        		.byte	118
 385 015b 1E        		.byte	30
 386 015c 06        		.byte	6
 387 015d 00        		.byte	0
 388 015e 00        		.byte	0
 389 015f 1C        		.byte	28
 390 0160 1C        		.byte	28
 391 0161 00        		.byte	0
 392 0162 00        		.byte	0
 393 0163 00        		.byte	0
 394 0164 9C        		.byte	-100
 395 0165 FE        		.byte	-2
 396 0166 66        		.byte	102
 397 0167 66        		.byte	102
 398 0168 66        		.byte	102
 399 0169 FE        		.byte	-2
GAS LISTING C:\Users\RAGHAV~1\AppData\Local\Temp/ccqz1OJ1.s 			page 8


 400 016a 9C        		.byte	-100
 401 016b 0C        		.byte	12
 402 016c 1C        		.byte	28
 403 016d 18        		.byte	24
 404 016e 18        		.byte	24
 405 016f 18        		.byte	24
 406 0170 1C        		.byte	28
 407 0171 0C        		.byte	12
 408 0172 3C        		.byte	60
 409 0173 7E        		.byte	126
 410 0174 66        		.byte	102
 411 0175 66        		.byte	102
 412 0176 66        		.byte	102
 413 0177 FC        		.byte	-4
 414 0178 F8        		.byte	-8
 415 0179 0C        		.byte	12
 416 017a 1C        		.byte	28
 417 017b 18        		.byte	24
 418 017c 18        		.byte	24
 419 017d 1C        		.byte	28
 420 017e 0C        		.byte	12
 421 017f 04        		.byte	4
 422 0180 18        		.byte	24
 423 0181 18        		.byte	24
 424 0182 18        		.byte	24
 425 0183 18        		.byte	24
 426 0184 18        		.byte	24
 427 0185 18        		.byte	24
 428 0186 58        		.byte	88
 429 0187 38        		.byte	56
 430 0188 60        		.byte	96
 431 0189 60        		.byte	96
 432 018a F0        		.byte	-16
 433 018b F0        		.byte	-16
 434 018c 98        		.byte	-104
 435 018d 98        		.byte	-104
 436 018e 0C        		.byte	12
 437 018f 00        		.byte	0
 438 0190 00        		.byte	0
 439 0191 00        		.byte	0
 440 0192 00        		.byte	0
 441 0193 04        		.byte	4
 442 0194 04        		.byte	4
 443 0195 0C        		.byte	12
 444 0196 D8        		.byte	-40
 445 0197 D8        		.byte	-40
 446 0198 D8        		.byte	-40
 447 0199 D8        		.byte	-40
 448 019a D8        		.byte	-40
 449 019b D8        		.byte	-40
 450 019c D8        		.byte	-40
 451 019d 00        		.byte	0
 452 019e 00        		.byte	0
 453 019f 00        		.byte	0
 454 01a0 00        		.byte	0
 455 01a1 00        		.byte	0
 456 01a2 00        		.byte	0
GAS LISTING C:\Users\RAGHAV~1\AppData\Local\Temp/ccqz1OJ1.s 			page 9


 457 01a3 00        		.byte	0
 458 01a4 0C        		.byte	12
 459 01a5 98        		.byte	-104
 460 01a6 98        		.byte	-104
 461 01a7 F0        		.byte	-16
 462 01a8 F0        		.byte	-16
 463 01a9 60        		.byte	96
 464 01aa 60        		.byte	96
 465 01ab 0C        		.byte	12
 466 01ac 04        		.byte	4
 467 01ad 04        		.byte	4
 468 01ae 00        		.byte	0
 469 01af 00        		.byte	0
 470 01b0 00        		.byte	0
 471 01b1 00        		.byte	0
 472 01b2 08        		.byte	8
 473 01b3 0C        		.byte	12
 474 01b4 06        		.byte	6
 475 01b5 C6        		.byte	-58
 476 01b6 E6        		.byte	-26
 477 01b7 76        		.byte	118
 478 01b8 3C        		.byte	60
 479 01b9 18        		.byte	24
 480 01ba 00        		.byte	0
 481 01bb 00        		.byte	0
 482 01bc 00        		.byte	0
 483 01bd 18        		.byte	24
 484 01be 18        		.byte	24
 485 01bf 00        		.byte	0
 486 01c0 00        		.byte	0
 487 01c1 00        		.byte	0
 488 01c2 E0        		.byte	-32
 489 01c3 30        		.byte	48
 490 01c4 08        		.byte	8
 491 01c5 C4        		.byte	-60
 492 01c6 F6        		.byte	-10
 493 01c7 3A        		.byte	58
 494 01c8 1A        		.byte	26
 495 01c9 1A        		.byte	26
 496 01ca F2        		.byte	-14
 497 01cb FA        		.byte	-6
 498 01cc 7E        		.byte	126
 499 01cd 04        		.byte	4
 500 01ce 08        		.byte	8
 501 01cf F0        		.byte	-16
 502 01d0 0C        		.byte	12
 503 01d1 30        		.byte	48
 504 01d2 60        		.byte	96
 505 01d3 4C        		.byte	76
 506 01d4 9C        		.byte	-100
 507 01d5 98        		.byte	-104
 508 01d6 98        		.byte	-104
 509 01d7 8C        		.byte	-116
 510 01d8 9C        		.byte	-100
 511 01d9 9C        		.byte	-100
 512 01da 90        		.byte	-112
 513 01db 48        		.byte	72
GAS LISTING C:\Users\RAGHAV~1\AppData\Local\Temp/ccqz1OJ1.s 			page 10


 514 01dc 4C        		.byte	76
 515 01dd 20        		.byte	32
 516 01de 00        		.byte	0
 517 01df C0        		.byte	-64
 518 01e0 F8        		.byte	-8
 519 01e1 BE        		.byte	-66
 520 01e2 86        		.byte	-122
 521 01e3 BE        		.byte	-66
 522 01e4 F8        		.byte	-8
 523 01e5 C0        		.byte	-64
 524 01e6 00        		.byte	0
 525 01e7 18        		.byte	24
 526 01e8 1C        		.byte	28
 527 01e9 04        		.byte	4
 528 01ea 04        		.byte	4
 529 01eb 04        		.byte	4
 530 01ec 04        		.byte	4
 531 01ed 04        		.byte	4
 532 01ee 1C        		.byte	28
 533 01ef 18        		.byte	24
 534 01f0 FE        		.byte	-2
 535 01f1 FE        		.byte	-2
 536 01f2 66        		.byte	102
 537 01f3 66        		.byte	102
 538 01f4 66        		.byte	102
 539 01f5 66        		.byte	102
 540 01f6 FE        		.byte	-2
 541 01f7 DC        		.byte	-36
 542 01f8 1C        		.byte	28
 543 01f9 1C        		.byte	28
 544 01fa 18        		.byte	24
 545 01fb 18        		.byte	24
 546 01fc 18        		.byte	24
 547 01fd 18        		.byte	24
 548 01fe 1C        		.byte	28
 549 01ff 0C        		.byte	12
 550 0200 F8        		.byte	-8
 551 0201 FC        		.byte	-4
 552 0202 0E        		.byte	14
 553 0203 06        		.byte	6
 554 0204 06        		.byte	6
 555 0205 0E        		.byte	14
 556 0206 9C        		.byte	-100
 557 0207 08        		.byte	8
 558 0208 04        		.byte	4
 559 0209 0C        		.byte	12
 560 020a 1C        		.byte	28
 561 020b 18        		.byte	24
 562 020c 18        		.byte	24
 563 020d 1C        		.byte	28
 564 020e 0C        		.byte	12
 565 020f 04        		.byte	4
 566 0210 FE        		.byte	-2
 567 0211 FE        		.byte	-2
 568 0212 06        		.byte	6
 569 0213 06        		.byte	6
 570 0214 06        		.byte	6
GAS LISTING C:\Users\RAGHAV~1\AppData\Local\Temp/ccqz1OJ1.s 			page 11


 571 0215 0E        		.byte	14
 572 0216 FC        		.byte	-4
 573 0217 F8        		.byte	-8
 574 0218 1C        		.byte	28
 575 0219 1C        		.byte	28
 576 021a 18        		.byte	24
 577 021b 18        		.byte	24
 578 021c 18        		.byte	24
 579 021d 1C        		.byte	28
 580 021e 0C        		.byte	12
 581 021f 04        		.byte	4
 582 0220 FE        		.byte	-2
 583 0221 FE        		.byte	-2
 584 0222 66        		.byte	102
 585 0223 66        		.byte	102
 586 0224 66        		.byte	102
 587 0225 66        		.byte	102
 588 0226 66        		.byte	102
 589 0227 1C        		.byte	28
 590 0228 1C        		.byte	28
 591 0229 18        		.byte	24
 592 022a 18        		.byte	24
 593 022b 18        		.byte	24
 594 022c 18        		.byte	24
 595 022d 18        		.byte	24
 596 022e FE        		.byte	-2
 597 022f FE        		.byte	-2
 598 0230 66        		.byte	102
 599 0231 66        		.byte	102
 600 0232 66        		.byte	102
 601 0233 66        		.byte	102
 602 0234 06        		.byte	6
 603 0235 1C        		.byte	28
 604 0236 1C        		.byte	28
 605 0237 00        		.byte	0
 606 0238 00        		.byte	0
 607 0239 00        		.byte	0
 608 023a 00        		.byte	0
 609 023b 00        		.byte	0
 610 023c F8        		.byte	-8
 611 023d FC        		.byte	-4
 612 023e 0E        		.byte	14
 613 023f 06        		.byte	6
 614 0240 06        		.byte	6
 615 0241 C6        		.byte	-58
 616 0242 CE        		.byte	-50
 617 0243 DC        		.byte	-36
 618 0244 C8        		.byte	-56
 619 0245 04        		.byte	4
 620 0246 0C        		.byte	12
 621 0247 1C        		.byte	28
 622 0248 18        		.byte	24
 623 0249 18        		.byte	24
 624 024a 18        		.byte	24
 625 024b 18        		.byte	24
 626 024c 0C        		.byte	12
 627 024d 04        		.byte	4
GAS LISTING C:\Users\RAGHAV~1\AppData\Local\Temp/ccqz1OJ1.s 			page 12


 628 024e FE        		.byte	-2
 629 024f FE        		.byte	-2
 630 0250 60        		.byte	96
 631 0251 60        		.byte	96
 632 0252 60        		.byte	96
 633 0253 60        		.byte	96
 634 0254 FE        		.byte	-2
 635 0255 FE        		.byte	-2
 636 0256 1C        		.byte	28
 637 0257 1C        		.byte	28
 638 0258 00        		.byte	0
 639 0259 00        		.byte	0
 640 025a 00        		.byte	0
 641 025b 00        		.byte	0
 642 025c 1C        		.byte	28
 643 025d 1C        		.byte	28
 644 025e FE        		.byte	-2
 645 025f FE        		.byte	-2
 646 0260 1C        		.byte	28
 647 0261 1C        		.byte	28
 648 0262 80        		.byte	-128
 649 0263 80        		.byte	-128
 650 0264 00        		.byte	0
 651 0265 00        		.byte	0
 652 0266 00        		.byte	0
 653 0267 FE        		.byte	-2
 654 0268 FE        		.byte	-2
 655 0269 0C        		.byte	12
 656 026a 1C        		.byte	28
 657 026b 18        		.byte	24
 658 026c 18        		.byte	24
 659 026d 18        		.byte	24
 660 026e 1C        		.byte	28
 661 026f 0C        		.byte	12
 662 0270 FE        		.byte	-2
 663 0271 FE        		.byte	-2
 664 0272 60        		.byte	96
 665 0273 30        		.byte	48
 666 0274 78        		.byte	120
 667 0275 EC        		.byte	-20
 668 0276 86        		.byte	-122
 669 0277 02        		.byte	2
 670 0278 1C        		.byte	28
 671 0279 1C        		.byte	28
 672 027a 00        		.byte	0
 673 027b 00        		.byte	0
 674 027c 00        		.byte	0
 675 027d 04        		.byte	4
 676 027e 1C        		.byte	28
 677 027f 18        		.byte	24
 678 0280 FE        		.byte	-2
 679 0281 FE        		.byte	-2
 680 0282 00        		.byte	0
 681 0283 00        		.byte	0
 682 0284 00        		.byte	0
 683 0285 00        		.byte	0
 684 0286 00        		.byte	0
GAS LISTING C:\Users\RAGHAV~1\AppData\Local\Temp/ccqz1OJ1.s 			page 13


 685 0287 1C        		.byte	28
 686 0288 1C        		.byte	28
 687 0289 18        		.byte	24
 688 028a 18        		.byte	24
 689 028b 18        		.byte	24
 690 028c 18        		.byte	24
 691 028d 18        		.byte	24
 692 028e FE        		.byte	-2
 693 028f FE        		.byte	-2
 694 0290 0E        		.byte	14
 695 0291 7C        		.byte	124
 696 0292 E0        		.byte	-32
 697 0293 00        		.byte	0
 698 0294 E0        		.byte	-32
 699 0295 7C        		.byte	124
 700 0296 0E        		.byte	14
 701 0297 FE        		.byte	-2
 702 0298 FE        		.byte	-2
 703 0299 1C        		.byte	28
 704 029a 1C        		.byte	28
 705 029b 00        		.byte	0
 706 029c 00        		.byte	0
 707 029d 0C        		.byte	12
 708 029e 1C        		.byte	28
 709 029f 0C        		.byte	12
 710 02a0 00        		.byte	0
 711 02a1 00        		.byte	0
 712 02a2 1C        		.byte	28
 713 02a3 1C        		.byte	28
 714 02a4 FE        		.byte	-2
 715 02a5 FE        		.byte	-2
 716 02a6 1C        		.byte	28
 717 02a7 78        		.byte	120
 718 02a8 E0        		.byte	-32
 719 02a9 80        		.byte	-128
 720 02aa FE        		.byte	-2
 721 02ab FE        		.byte	-2
 722 02ac 1C        		.byte	28
 723 02ad 1C        		.byte	28
 724 02ae 00        		.byte	0
 725 02af 00        		.byte	0
 726 02b0 04        		.byte	4
 727 02b1 0C        		.byte	12
 728 02b2 1C        		.byte	28
 729 02b3 1C        		.byte	28
 730 02b4 F8        		.byte	-8
 731 02b5 FC        		.byte	-4
 732 02b6 0E        		.byte	14
 733 02b7 06        		.byte	6
 734 02b8 06        		.byte	6
 735 02b9 06        		.byte	6
 736 02ba 0E        		.byte	14
 737 02bb FC        		.byte	-4
 738 02bc F8        		.byte	-8
 739 02bd 04        		.byte	4
 740 02be 0C        		.byte	12
 741 02bf 1C        		.byte	28
GAS LISTING C:\Users\RAGHAV~1\AppData\Local\Temp/ccqz1OJ1.s 			page 14


 742 02c0 18        		.byte	24
 743 02c1 18        		.byte	24
 744 02c2 18        		.byte	24
 745 02c3 1C        		.byte	28
 746 02c4 0C        		.byte	12
 747 02c5 04        		.byte	4
 748 02c6 FE        		.byte	-2
 749 02c7 FE        		.byte	-2
 750 02c8 66        		.byte	102
 751 02c9 66        		.byte	102
 752 02ca 66        		.byte	102
 753 02cb 7E        		.byte	126
 754 02cc 3C        		.byte	60
 755 02cd 1C        		.byte	28
 756 02ce 1C        		.byte	28
 757 02cf 00        		.byte	0
 758 02d0 00        		.byte	0
 759 02d1 00        		.byte	0
 760 02d2 00        		.byte	0
 761 02d3 00        		.byte	0
 762 02d4 F8        		.byte	-8
 763 02d5 FC        		.byte	-4
 764 02d6 0E        		.byte	14
 765 02d7 06        		.byte	6
 766 02d8 86        		.byte	-122
 767 02d9 06        		.byte	6
 768 02da 0E        		.byte	14
 769 02db FC        		.byte	-4
 770 02dc F8        		.byte	-8
 771 02dd 04        		.byte	4
 772 02de 0C        		.byte	12
 773 02df 1C        		.byte	28
 774 02e0 18        		.byte	24
 775 02e1 18        		.byte	24
 776 02e2 1C        		.byte	28
 777 02e3 0C        		.byte	12
 778 02e4 1C        		.byte	28
 779 02e5 24        		.byte	36
 780 02e6 FE        		.byte	-2
 781 02e7 FE        		.byte	-2
 782 02e8 66        		.byte	102
 783 02e9 66        		.byte	102
 784 02ea E6        		.byte	-26
 785 02eb E6        		.byte	-26
 786 02ec BE        		.byte	-66
 787 02ed 1C        		.byte	28
 788 02ee 00        		.byte	0
 789 02ef 1C        		.byte	28
 790 02f0 1C        		.byte	28
 791 02f1 00        		.byte	0
 792 02f2 00        		.byte	0
 793 02f3 00        		.byte	0
 794 02f4 0C        		.byte	12
 795 02f5 1C        		.byte	28
 796 02f6 18        		.byte	24
 797 02f7 10        		.byte	16
 798 02f8 3C        		.byte	60
GAS LISTING C:\Users\RAGHAV~1\AppData\Local\Temp/ccqz1OJ1.s 			page 15


 799 02f9 7E        		.byte	126
 800 02fa 66        		.byte	102
 801 02fb 66        		.byte	102
 802 02fc 66        		.byte	102
 803 02fd EE        		.byte	-18
 804 02fe CC        		.byte	-52
 805 02ff 0C        		.byte	12
 806 0300 1C        		.byte	28
 807 0301 18        		.byte	24
 808 0302 18        		.byte	24
 809 0303 18        		.byte	24
 810 0304 1C        		.byte	28
 811 0305 0C        		.byte	12
 812 0306 06        		.byte	6
 813 0307 06        		.byte	6
 814 0308 06        		.byte	6
 815 0309 FE        		.byte	-2
 816 030a FE        		.byte	-2
 817 030b 06        		.byte	6
 818 030c 06        		.byte	6
 819 030d 06        		.byte	6
 820 030e 00        		.byte	0
 821 030f 00        		.byte	0
 822 0310 00        		.byte	0
 823 0311 1C        		.byte	28
 824 0312 1C        		.byte	28
 825 0313 00        		.byte	0
 826 0314 00        		.byte	0
 827 0315 00        		.byte	0
 828 0316 FE        		.byte	-2
 829 0317 FE        		.byte	-2
 830 0318 00        		.byte	0
 831 0319 00        		.byte	0
 832 031a 00        		.byte	0
 833 031b 00        		.byte	0
 834 031c FE        		.byte	-2
 835 031d FE        		.byte	-2
 836 031e 04        		.byte	4
 837 031f 0C        		.byte	12
 838 0320 1C        		.byte	28
 839 0321 18        		.byte	24
 840 0322 18        		.byte	24
 841 0323 1C        		.byte	28
 842 0324 0C        		.byte	12
 843 0325 04        		.byte	4
 844 0326 02        		.byte	2
 845 0327 1E        		.byte	30
 846 0328 FC        		.byte	-4
 847 0329 E0        		.byte	-32
 848 032a 00        		.byte	0
 849 032b E0        		.byte	-32
 850 032c FC        		.byte	-4
 851 032d 1E        		.byte	30
 852 032e 02        		.byte	2
 853 032f 00        		.byte	0
 854 0330 00        		.byte	0
 855 0331 00        		.byte	0
GAS LISTING C:\Users\RAGHAV~1\AppData\Local\Temp/ccqz1OJ1.s 			page 16


 856 0332 1C        		.byte	28
 857 0333 1C        		.byte	28
 858 0334 1C        		.byte	28
 859 0335 00        		.byte	0
 860 0336 00        		.byte	0
 861 0337 00        		.byte	0
 862 0338 06        		.byte	6
 863 0339 FE        		.byte	-2
 864 033a F8        		.byte	-8
 865 033b 00        		.byte	0
 866 033c F0        		.byte	-16
 867 033d FE        		.byte	-2
 868 033e 0E        		.byte	14
 869 033f FE        		.byte	-2
 870 0340 F0        		.byte	-16
 871 0341 00        		.byte	0
 872 0342 F8        		.byte	-8
 873 0343 FE        		.byte	-2
 874 0344 06        		.byte	6
 875 0345 00        		.byte	0
 876 0346 00        		.byte	0
 877 0347 1C        		.byte	28
 878 0348 1C        		.byte	28
 879 0349 1C        		.byte	28
 880 034a 00        		.byte	0
 881 034b 00        		.byte	0
 882 034c 00        		.byte	0
 883 034d 1C        		.byte	28
 884 034e 1C        		.byte	28
 885 034f 1C        		.byte	28
 886 0350 00        		.byte	0
 887 0351 00        		.byte	0
 888 0352 06        		.byte	6
 889 0353 0E        		.byte	14
 890 0354 F8        		.byte	-8
 891 0355 F0        		.byte	-16
 892 0356 F8        		.byte	-8
 893 0357 0E        		.byte	14
 894 0358 06        		.byte	6
 895 0359 18        		.byte	24
 896 035a 1C        		.byte	28
 897 035b 04        		.byte	4
 898 035c 00        		.byte	0
 899 035d 04        		.byte	4
 900 035e 1C        		.byte	28
 901 035f 18        		.byte	24
 902 0360 06        		.byte	6
 903 0361 0E        		.byte	14
 904 0362 38        		.byte	56
 905 0363 F0        		.byte	-16
 906 0364 F0        		.byte	-16
 907 0365 38        		.byte	56
 908 0366 0E        		.byte	14
 909 0367 06        		.byte	6
 910 0368 00        		.byte	0
 911 0369 00        		.byte	0
 912 036a 00        		.byte	0
GAS LISTING C:\Users\RAGHAV~1\AppData\Local\Temp/ccqz1OJ1.s 			page 17


 913 036b 1C        		.byte	28
 914 036c 1C        		.byte	28
 915 036d 00        		.byte	0
 916 036e 00        		.byte	0
 917 036f 00        		.byte	0
 918 0370 06        		.byte	6
 919 0371 06        		.byte	6
 920 0372 86        		.byte	-122
 921 0373 E6        		.byte	-26
 922 0374 76        		.byte	118
 923 0375 1E        		.byte	30
 924 0376 0E        		.byte	14
 925 0377 06        		.byte	6
 926 0378 18        		.byte	24
 927 0379 1C        		.byte	28
 928 037a 1C        		.byte	28
 929 037b 18        		.byte	24
 930 037c 18        		.byte	24
 931 037d 18        		.byte	24
 932 037e 18        		.byte	24
 933 037f 18        		.byte	24
 934 0380 FE        		.byte	-2
 935 0381 FE        		.byte	-2
 936 0382 06        		.byte	6
 937 0383 06        		.byte	6
 938 0384 FC        		.byte	-4
 939 0385 FC        		.byte	-4
 940 0386 C0        		.byte	-64
 941 0387 C0        		.byte	-64
 942 0388 06        		.byte	6
 943 0389 38        		.byte	56
 944 038a C0        		.byte	-64
 945 038b 00        		.byte	0
 946 038c 00        		.byte	0
 947 038d 00        		.byte	0
 948 038e 04        		.byte	4
 949 038f 18        		.byte	24
 950 0390 06        		.byte	6
 951 0391 06        		.byte	6
 952 0392 FE        		.byte	-2
 953 0393 FE        		.byte	-2
 954 0394 C0        		.byte	-64
 955 0395 C0        		.byte	-64
 956 0396 FC        		.byte	-4
 957 0397 FC        		.byte	-4
 958 0398 20        		.byte	32
 959 0399 38        		.byte	56
 960 039a 0E        		.byte	14
 961 039b 0E        		.byte	14
 962 039c 38        		.byte	56
 963 039d 20        		.byte	32
 964 039e 00        		.byte	0
 965 039f 00        		.byte	0
 966 03a0 00        		.byte	0
 967 03a1 00        		.byte	0
 968 03a2 00        		.byte	0
 969 03a3 00        		.byte	0
GAS LISTING C:\Users\RAGHAV~1\AppData\Local\Temp/ccqz1OJ1.s 			page 18


 970 03a4 00        		.byte	0
 971 03a5 00        		.byte	0
 972 03a6 00        		.byte	0
 973 03a7 00        		.byte	0
 974 03a8 00        		.byte	0
 975 03a9 00        		.byte	0
 976 03aa 00        		.byte	0
 977 03ab 00        		.byte	0
 978 03ac 80        		.byte	-128
 979 03ad 80        		.byte	-128
 980 03ae 80        		.byte	-128
 981 03af 80        		.byte	-128
 982 03b0 80        		.byte	-128
 983 03b1 80        		.byte	-128
 984 03b2 80        		.byte	-128
 985 03b3 80        		.byte	-128
 986 03b4 02        		.byte	2
 987 03b5 06        		.byte	6
 988 03b6 04        		.byte	4
 989 03b7 00        		.byte	0
 990 03b8 00        		.byte	0
 991 03b9 00        		.byte	0
 992 03ba 10        		.byte	16
 993 03bb 98        		.byte	-104
 994 03bc D8        		.byte	-40
 995 03bd 58        		.byte	88
 996 03be F8        		.byte	-8
 997 03bf F0        		.byte	-16
 998 03c0 00        		.byte	0
 999 03c1 0C        		.byte	12
 1000 03c2 1C        		.byte	28
 1001 03c3 18        		.byte	24
 1002 03c4 18        		.byte	24
 1003 03c5 0C        		.byte	12
 1004 03c6 1C        		.byte	28
 1005 03c7 10        		.byte	16
 1006 03c8 FE        		.byte	-2
 1007 03c9 FE        		.byte	-2
 1008 03ca 30        		.byte	48
 1009 03cb 18        		.byte	24
 1010 03cc 38        		.byte	56
 1011 03cd F0        		.byte	-16
 1012 03ce E0        		.byte	-32
 1013 03cf 1C        		.byte	28
 1014 03d0 1C        		.byte	28
 1015 03d1 0C        		.byte	12
 1016 03d2 18        		.byte	24
 1017 03d3 1C        		.byte	28
 1018 03d4 0C        		.byte	12
 1019 03d5 04        		.byte	4
 1020 03d6 E0        		.byte	-32
 1021 03d7 F0        		.byte	-16
 1022 03d8 18        		.byte	24
 1023 03d9 18        		.byte	24
 1024 03da 38        		.byte	56
 1025 03db 30        		.byte	48
 1026 03dc 04        		.byte	4
GAS LISTING C:\Users\RAGHAV~1\AppData\Local\Temp/ccqz1OJ1.s 			page 19


 1027 03dd 0C        		.byte	12
 1028 03de 18        		.byte	24
 1029 03df 18        		.byte	24
 1030 03e0 1C        		.byte	28
 1031 03e1 0C        		.byte	12
 1032 03e2 E0        		.byte	-32
 1033 03e3 F0        		.byte	-16
 1034 03e4 38        		.byte	56
 1035 03e5 18        		.byte	24
 1036 03e6 30        		.byte	48
 1037 03e7 FE        		.byte	-2
 1038 03e8 FE        		.byte	-2
 1039 03e9 04        		.byte	4
 1040 03ea 0C        		.byte	12
 1041 03eb 1C        		.byte	28
 1042 03ec 18        		.byte	24
 1043 03ed 0C        		.byte	12
 1044 03ee 1C        		.byte	28
 1045 03ef 1C        		.byte	28
 1046 03f0 E0        		.byte	-32
 1047 03f1 F0        		.byte	-16
 1048 03f2 D8        		.byte	-40
 1049 03f3 D8        		.byte	-40
 1050 03f4 D8        		.byte	-40
 1051 03f5 F0        		.byte	-16
 1052 03f6 E0        		.byte	-32
 1053 03f7 04        		.byte	4
 1054 03f8 0C        		.byte	12
 1055 03f9 18        		.byte	24
 1056 03fa 18        		.byte	24
 1057 03fb 18        		.byte	24
 1058 03fc 18        		.byte	24
 1059 03fd 08        		.byte	8
 1060 03fe 18        		.byte	24
 1061 03ff FC        		.byte	-4
 1062 0400 FE        		.byte	-2
 1063 0401 1A        		.byte	26
 1064 0402 1A        		.byte	26
 1065 0403 00        		.byte	0
 1066 0404 1C        		.byte	28
 1067 0405 1C        		.byte	28
 1068 0406 00        		.byte	0
 1069 0407 00        		.byte	0
 1070 0408 E0        		.byte	-32
 1071 0409 F0        		.byte	-16
 1072 040a 38        		.byte	56
 1073 040b 18        		.byte	24
 1074 040c 30        		.byte	48
 1075 040d F8        		.byte	-8
 1076 040e F8        		.byte	-8
 1077 040f 64        		.byte	100
 1078 0410 EC        		.byte	-20
 1079 0411 DC        		.byte	-36
 1080 0412 D8        		.byte	-40
 1081 0413 CC        		.byte	-52
 1082 0414 FC        		.byte	-4
 1083 0415 7C        		.byte	124
GAS LISTING C:\Users\RAGHAV~1\AppData\Local\Temp/ccqz1OJ1.s 			page 20


 1084 0416 FE        		.byte	-2
 1085 0417 FE        		.byte	-2
 1086 0418 30        		.byte	48
 1087 0419 18        		.byte	24
 1088 041a 18        		.byte	24
 1089 041b F8        		.byte	-8
 1090 041c F0        		.byte	-16
 1091 041d 1C        		.byte	28
 1092 041e 1C        		.byte	28
 1093 041f 00        		.byte	0
 1094 0420 00        		.byte	0
 1095 0421 00        		.byte	0
 1096 0422 1C        		.byte	28
 1097 0423 1C        		.byte	28
 1098 0424 FA        		.byte	-6
 1099 0425 FA        		.byte	-6
 1100 0426 1C        		.byte	28
 1101 0427 1C        		.byte	28
 1102 0428 00        		.byte	0
 1103 0429 FA        		.byte	-6
 1104 042a FA        		.byte	-6
 1105 042b C0        		.byte	-64
 1106 042c FC        		.byte	-4
 1107 042d 7C        		.byte	124
 1108 042e FE        		.byte	-2
 1109 042f FE        		.byte	-2
 1110 0430 E0        		.byte	-32
 1111 0431 F0        		.byte	-16
 1112 0432 98        		.byte	-104
 1113 0433 08        		.byte	8
 1114 0434 1C        		.byte	28
 1115 0435 1C        		.byte	28
 1116 0436 00        		.byte	0
 1117 0437 04        		.byte	4
 1118 0438 1C        		.byte	28
 1119 0439 18        		.byte	24
 1120 043a FE        		.byte	-2
 1121 043b FE        		.byte	-2
 1122 043c 1C        		.byte	28
 1123 043d 1C        		.byte	28
 1124 043e F8        		.byte	-8
 1125 043f F8        		.byte	-8
 1126 0440 10        		.byte	16
 1127 0441 18        		.byte	24
 1128 0442 F8        		.byte	-8
 1129 0443 F0        		.byte	-16
 1130 0444 18        		.byte	24
 1131 0445 18        		.byte	24
 1132 0446 F8        		.byte	-8
 1133 0447 F0        		.byte	-16
 1134 0448 1C        		.byte	28
 1135 0449 1C        		.byte	28
 1136 044a 00        		.byte	0
 1137 044b 00        		.byte	0
 1138 044c 1C        		.byte	28
 1139 044d 1C        		.byte	28
 1140 044e 00        		.byte	0
GAS LISTING C:\Users\RAGHAV~1\AppData\Local\Temp/ccqz1OJ1.s 			page 21


 1141 044f 00        		.byte	0
 1142 0450 1C        		.byte	28
 1143 0451 1C        		.byte	28
 1144 0452 F8        		.byte	-8
 1145 0453 F8        		.byte	-8
 1146 0454 30        		.byte	48
 1147 0455 18        		.byte	24
 1148 0456 18        		.byte	24
 1149 0457 F8        		.byte	-8
 1150 0458 F0        		.byte	-16
 1151 0459 1C        		.byte	28
 1152 045a 1C        		.byte	28
 1153 045b 00        		.byte	0
 1154 045c 00        		.byte	0
 1155 045d 00        		.byte	0
 1156 045e 1C        		.byte	28
 1157 045f 1C        		.byte	28
 1158 0460 E0        		.byte	-32
 1159 0461 F0        		.byte	-16
 1160 0462 38        		.byte	56
 1161 0463 18        		.byte	24
 1162 0464 38        		.byte	56
 1163 0465 F0        		.byte	-16
 1164 0466 E0        		.byte	-32
 1165 0467 04        		.byte	4
 1166 0468 0C        		.byte	12
 1167 0469 1C        		.byte	28
 1168 046a 18        		.byte	24
 1169 046b 1C        		.byte	28
 1170 046c 0C        		.byte	12
 1171 046d 04        		.byte	4
 1172 046e F8        		.byte	-8
 1173 046f F8        		.byte	-8
 1174 0470 30        		.byte	48
 1175 0471 18        		.byte	24
 1176 0472 38        		.byte	56
 1177 0473 F0        		.byte	-16
 1178 0474 E0        		.byte	-32
 1179 0475 FC        		.byte	-4
 1180 0476 FC        		.byte	-4
 1181 0477 0C        		.byte	12
 1182 0478 18        		.byte	24
 1183 0479 1C        		.byte	28
 1184 047a 0C        		.byte	12
 1185 047b 04        		.byte	4
 1186 047c E0        		.byte	-32
 1187 047d F0        		.byte	-16
 1188 047e 38        		.byte	56
 1189 047f 18        		.byte	24
 1190 0480 30        		.byte	48
 1191 0481 F8        		.byte	-8
 1192 0482 F8        		.byte	-8
 1193 0483 04        		.byte	4
 1194 0484 0C        		.byte	12
 1195 0485 1C        		.byte	28
 1196 0486 18        		.byte	24
 1197 0487 0C        		.byte	12
GAS LISTING C:\Users\RAGHAV~1\AppData\Local\Temp/ccqz1OJ1.s 			page 22


 1198 0488 FC        		.byte	-4
 1199 0489 FC        		.byte	-4
 1200 048a F8        		.byte	-8
 1201 048b F8        		.byte	-8
 1202 048c 30        		.byte	48
 1203 048d 18        		.byte	24
 1204 048e 18        		.byte	24
 1205 048f 1C        		.byte	28
 1206 0490 1C        		.byte	28
 1207 0491 00        		.byte	0
 1208 0492 00        		.byte	0
 1209 0493 00        		.byte	0
 1210 0494 70        		.byte	112
 1211 0495 F8        		.byte	-8
 1212 0496 D8        		.byte	-40
 1213 0497 D8        		.byte	-40
 1214 0498 D8        		.byte	-40
 1215 0499 90        		.byte	-112
 1216 049a 08        		.byte	8
 1217 049b 18        		.byte	24
 1218 049c 18        		.byte	24
 1219 049d 18        		.byte	24
 1220 049e 1C        		.byte	28
 1221 049f 0C        		.byte	12
 1222 04a0 18        		.byte	24
 1223 04a1 FC        		.byte	-4
 1224 04a2 FE        		.byte	-2
 1225 04a3 18        		.byte	24
 1226 04a4 18        		.byte	24
 1227 04a5 00        		.byte	0
 1228 04a6 0C        		.byte	12
 1229 04a7 1C        		.byte	28
 1230 04a8 18        		.byte	24
 1231 04a9 18        		.byte	24
 1232 04aa F8        		.byte	-8
 1233 04ab F8        		.byte	-8
 1234 04ac 00        		.byte	0
 1235 04ad 00        		.byte	0
 1236 04ae 00        		.byte	0
 1237 04af F8        		.byte	-8
 1238 04b0 F8        		.byte	-8
 1239 04b1 0C        		.byte	12
 1240 04b2 1C        		.byte	28
 1241 04b3 18        		.byte	24
 1242 04b4 18        		.byte	24
 1243 04b5 0C        		.byte	12
 1244 04b6 1C        		.byte	28
 1245 04b7 1C        		.byte	28
 1246 04b8 38        		.byte	56
 1247 04b9 F8        		.byte	-8
 1248 04ba C0        		.byte	-64
 1249 04bb 00        		.byte	0
 1250 04bc C0        		.byte	-64
 1251 04bd F8        		.byte	-8
 1252 04be 38        		.byte	56
 1253 04bf 00        		.byte	0
 1254 04c0 00        		.byte	0
GAS LISTING C:\Users\RAGHAV~1\AppData\Local\Temp/ccqz1OJ1.s 			page 23


 1255 04c1 1C        		.byte	28
 1256 04c2 1C        		.byte	28
 1257 04c3 1C        		.byte	28
 1258 04c4 00        		.byte	0
 1259 04c5 00        		.byte	0
 1260 04c6 18        		.byte	24
 1261 04c7 F8        		.byte	-8
 1262 04c8 E0        		.byte	-32
 1263 04c9 00        		.byte	0
 1264 04ca F0        		.byte	-16
 1265 04cb 38        		.byte	56
 1266 04cc F0        		.byte	-16
 1267 04cd 00        		.byte	0
 1268 04ce E0        		.byte	-32
 1269 04cf F8        		.byte	-8
 1270 04d0 18        		.byte	24
 1271 04d1 00        		.byte	0
 1272 04d2 00        		.byte	0
 1273 04d3 1C        		.byte	28
 1274 04d4 1C        		.byte	28
 1275 04d5 0C        		.byte	12
 1276 04d6 00        		.byte	0
 1277 04d7 0C        		.byte	12
 1278 04d8 1C        		.byte	28
 1279 04d9 1C        		.byte	28
 1280 04da 00        		.byte	0
 1281 04db 00        		.byte	0
 1282 04dc 18        		.byte	24
 1283 04dd 38        		.byte	56
 1284 04de E0        		.byte	-32
 1285 04df E0        		.byte	-32
 1286 04e0 38        		.byte	56
 1287 04e1 18        		.byte	24
 1288 04e2 18        		.byte	24
 1289 04e3 1C        		.byte	28
 1290 04e4 04        		.byte	4
 1291 04e5 04        		.byte	4
 1292 04e6 1C        		.byte	28
 1293 04e7 18        		.byte	24
 1294 04e8 18        		.byte	24
 1295 04e9 F8        		.byte	-8
 1296 04ea E0        		.byte	-32
 1297 04eb 00        		.byte	0
 1298 04ec E0        		.byte	-32
 1299 04ed F8        		.byte	-8
 1300 04ee 18        		.byte	24
 1301 04ef 00        		.byte	0
 1302 04f0 84        		.byte	-124
 1303 04f1 FC        		.byte	-4
 1304 04f2 F8        		.byte	-8
 1305 04f3 3C        		.byte	60
 1306 04f4 04        		.byte	4
 1307 04f5 00        		.byte	0
 1308 04f6 18        		.byte	24
 1309 04f7 98        		.byte	-104
 1310 04f8 D8        		.byte	-40
 1311 04f9 78        		.byte	120
GAS LISTING C:\Users\RAGHAV~1\AppData\Local\Temp/ccqz1OJ1.s 			page 24


 1312 04fa 38        		.byte	56
 1313 04fb 1C        		.byte	28
 1314 04fc 1C        		.byte	28
 1315 04fd 18        		.byte	24
 1316 04fe 18        		.byte	24
 1317 04ff 18        		.byte	24
 1318 0500 80        		.byte	-128
 1319 0501 FC        		.byte	-4
 1320 0502 7E        		.byte	126
 1321 0503 06        		.byte	6
 1322 0504 06        		.byte	6
 1323 0505 00        		.byte	0
 1324 0506 7C        		.byte	124
 1325 0507 FC        		.byte	-4
 1326 0508 C0        		.byte	-64
 1327 0509 C0        		.byte	-64
 1328 050a FE        		.byte	-2
 1329 050b FC        		.byte	-4
 1330 050c 06        		.byte	6
 1331 050d 06        		.byte	6
 1332 050e 7E        		.byte	126
 1333 050f FC        		.byte	-4
 1334 0510 80        		.byte	-128
 1335 0511 C0        		.byte	-64
 1336 0512 C0        		.byte	-64
 1337 0513 FC        		.byte	-4
 1338 0514 7C        		.byte	124
 1339 0515 00        		.byte	0
 1340 0516 60        		.byte	96
 1341 0517 30        		.byte	48
 1342 0518 30        		.byte	48
 1343 0519 70        		.byte	112
 1344 051a 60        		.byte	96
 1345 051b 60        		.byte	96
 1346 051c 30        		.byte	48
 1347 051d 00        		.byte	0
 1348 051e 00        		.byte	0
 1349 051f 00        		.byte	0
 1350 0520 00        		.byte	0
 1351 0521 00        		.byte	0
 1352 0522 00        		.byte	0
 1353 0523 00        		.byte	0
 1354 0524 FE        		.byte	-2
 1355 0525 02        		.byte	2
 1356 0526 02        		.byte	2
 1357 0527 02        		.byte	2
 1358 0528 02        		.byte	2
 1359 0529 02        		.byte	2
 1360 052a 02        		.byte	2
 1361 052b FE        		.byte	-2
 1362 052c 1C        		.byte	28
 1363 052d 10        		.byte	16
 1364 052e 10        		.byte	16
 1365 052f 10        		.byte	16
 1366 0530 10        		.byte	16
 1367 0531 10        		.byte	16
 1368 0532 10        		.byte	16
GAS LISTING C:\Users\RAGHAV~1\AppData\Local\Temp/ccqz1OJ1.s 			page 25


 1369 0533 1C        		.byte	28
GAS LISTING C:\Users\RAGHAV~1\AppData\Local\Temp/ccqz1OJ1.s 			page 26


DEFINED SYMBOLS
                            *ABS*:00000000 boardinit.c
C:\Users\RAGHAV~1\AppData\Local\Temp/ccqz1OJ1.s:2      *ABS*:0000003f __SREG__
C:\Users\RAGHAV~1\AppData\Local\Temp/ccqz1OJ1.s:3      *ABS*:0000003e __SP_H__
C:\Users\RAGHAV~1\AppData\Local\Temp/ccqz1OJ1.s:4      *ABS*:0000003d __SP_L__
C:\Users\RAGHAV~1\AppData\Local\Temp/ccqz1OJ1.s:5      *ABS*:00000034 __CCP__
C:\Users\RAGHAV~1\AppData\Local\Temp/ccqz1OJ1.s:6      *ABS*:00000000 __tmp_reg__
C:\Users\RAGHAV~1\AppData\Local\Temp/ccqz1OJ1.s:7      *ABS*:00000001 __zero_reg__
C:\Users\RAGHAV~1\AppData\Local\Temp/ccqz1OJ1.s:11     .text:00000000 BoardInit
C:\Users\RAGHAV~1\AppData\Local\Temp/ccqz1OJ1.s:37     .progmem.data:00000000 Arial_Bold_14

UNDEFINED SYMBOLS
ks0108Init
ks0108ReadFontData
ks0108SelectFont
UartInit
GsmInit
