GAS LISTING C:\Users\RAGHAV~1\AppData\Local\Temp/ccAiQiqo.s 			page 1


   1               		.file	"main.c"
   2               	__SREG__ = 0x3f
   3               	__SP_H__ = 0x3e
   4               	__SP_L__ = 0x3d
   5               	__CCP__  = 0x34
   6               	__tmp_reg__ = 0
   7               	__zero_reg__ = 1
   8               		.text
   9               	.global	ks0108ReadFontData
  10               		.type	ks0108ReadFontData, @function
  11               	ks0108ReadFontData:
  12               	/* prologue: function */
  13               	/* frame size = 0 */
  14 0000 FC01      		movw r30,r24
  15               	/* #APP */
  16               	 ;  443 "main.c" 1
  17 0002 8491      		lpm r24, Z
  18               		
  19               	 ;  0 "" 2
  20               	/* epilogue start */
  21               	/* #NOAPP */
  22 0004 0895      		ret
  23               		.size	ks0108ReadFontData, .-ks0108ReadFontData
  24               	.global	ks0108SelectFont
  25               		.type	ks0108SelectFont, @function
  26               	ks0108SelectFont:
  27               	/* prologue: function */
  28               	/* frame size = 0 */
  29 0006 9093 0000 		sts (ks0108Font)+1,r25
  30 000a 8093 0000 		sts ks0108Font,r24
  31 000e 7093 0000 		sts (ks0108FontRead)+1,r23
  32 0012 6093 0000 		sts ks0108FontRead,r22
  33 0016 4093 0000 		sts ks0108FontColor,r20
  34               	/* epilogue start */
  35 001a 0895      		ret
  36               		.size	ks0108SelectFont, .-ks0108SelectFont
  37               	.global	ks0108CharWidth
  38               		.type	ks0108CharWidth, @function
  39               	ks0108CharWidth:
  40 001c 0F93      		push r16
  41 001e 1F93      		push r17
  42               	/* prologue: function */
  43               	/* frame size = 0 */
  44 0020 082F      		mov r16,r24
  45 0022 8091 0000 		lds r24,ks0108Font
  46 0026 9091 0000 		lds r25,(ks0108Font)+1
  47 002a E091 0000 		lds r30,ks0108FontRead
  48 002e F091 0000 		lds r31,(ks0108FontRead)+1
  49 0032 0496      		adiw r24,4
  50 0034 0995      		icall
  51 0036 182F      		mov r17,r24
  52 0038 8091 0000 		lds r24,ks0108Font
  53 003c 9091 0000 		lds r25,(ks0108Font)+1
  54 0040 E091 0000 		lds r30,ks0108FontRead
  55 0044 F091 0000 		lds r31,(ks0108FontRead)+1
  56 0048 0596      		adiw r24,5
  57 004a 0995      		icall
GAS LISTING C:\Users\RAGHAV~1\AppData\Local\Temp/ccAiQiqo.s 			page 2


  58 004c 482F      		mov r20,r24
  59 004e 0117      		cp r16,r17
  60 0050 00F0      		brlo .L6
  61 0052 202F      		mov r18,r16
  62 0054 30E0      		ldi r19,lo8(0)
  63 0056 812F      		mov r24,r17
  64 0058 90E0      		ldi r25,lo8(0)
  65 005a 840F      		add r24,r20
  66 005c 911D      		adc r25,__zero_reg__
  67 005e 2817      		cp r18,r24
  68 0060 3907      		cpc r19,r25
  69 0062 04F0      		brlt .L10
  70               	.L6:
  71 0064 80E0      		ldi r24,lo8(0)
  72               	/* epilogue start */
  73 0066 1F91      		pop r17
  74 0068 0F91      		pop r16
  75 006a 0895      		ret
  76               	.L10:
  77 006c 011B      		sub r16,r17
  78 006e 202F      		mov r18,r16
  79 0070 30E0      		ldi r19,lo8(0)
  80 0072 2A5F      		subi r18,lo8(-(6))
  81 0074 3F4F      		sbci r19,hi8(-(6))
  82 0076 8091 0000 		lds r24,ks0108Font
  83 007a 9091 0000 		lds r25,(ks0108Font)+1
  84 007e E091 0000 		lds r30,ks0108FontRead
  85 0082 F091 0000 		lds r31,(ks0108FontRead)+1
  86 0086 820F      		add r24,r18
  87 0088 931F      		adc r25,r19
  88 008a 0995      		icall
  89 008c 8F5F      		subi r24,lo8(-(1))
  90 008e 1F91      		pop r17
  91 0090 0F91      		pop r16
  92 0092 0895      		ret
  93               		.size	ks0108CharWidth, .-ks0108CharWidth
  94               	.global	ks0108StringWidth
  95               		.type	ks0108StringWidth, @function
  96               	ks0108StringWidth:
  97 0094 0F93      		push r16
  98 0096 1F93      		push r17
  99 0098 CF93      		push r28
 100 009a DF93      		push r29
 101               	/* prologue: function */
 102               	/* frame size = 0 */
 103 009c EC01      		movw r28,r24
 104 009e 8881      		ld r24,Y
 105 00a0 8823      		tst r24
 106 00a2 01F0      		breq .L17
 107 00a4 00E0      		ldi r16,lo8(0)
 108 00a6 10E0      		ldi r17,hi8(0)
 109               	.L14:
 110 00a8 2196      		adiw r28,1
 111 00aa 0E94 0000 		call ks0108CharWidth
 112 00ae 080F      		add r16,r24
 113 00b0 111D      		adc r17,__zero_reg__
 114 00b2 8881      		ld r24,Y
GAS LISTING C:\Users\RAGHAV~1\AppData\Local\Temp/ccAiQiqo.s 			page 3


 115 00b4 8823      		tst r24
 116 00b6 01F4      		brne .L14
 117               	.L13:
 118 00b8 C801      		movw r24,r16
 119               	/* epilogue start */
 120 00ba DF91      		pop r29
 121 00bc CF91      		pop r28
 122 00be 1F91      		pop r17
 123 00c0 0F91      		pop r16
 124 00c2 0895      		ret
 125               	.L17:
 126 00c4 00E0      		ldi r16,lo8(0)
 127 00c6 10E0      		ldi r17,hi8(0)
 128 00c8 00C0      		rjmp .L13
 129               		.size	ks0108StringWidth, .-ks0108StringWidth
 130               	.global	ks0108StringWidth_P
 131               		.type	ks0108StringWidth_P, @function
 132               	ks0108StringWidth_P:
 133 00ca 0F93      		push r16
 134 00cc 1F93      		push r17
 135 00ce CF93      		push r28
 136 00d0 DF93      		push r29
 137               	/* prologue: function */
 138               	/* frame size = 0 */
 139 00d2 EC01      		movw r28,r24
 140 00d4 9C01      		movw r18,r24
 141 00d6 FC01      		movw r30,r24
 142               	/* #APP */
 143               	 ;  579 "main.c" 1
 144 00d8 8491      		lpm r24, Z
 145               		
 146               	 ;  0 "" 2
 147               	/* #NOAPP */
 148 00da 8823      		tst r24
 149 00dc 01F0      		breq .L24
 150 00de 00E0      		ldi r16,lo8(0)
 151 00e0 10E0      		ldi r17,hi8(0)
 152               	.L21:
 153 00e2 2196      		adiw r28,1
 154 00e4 F901      		movw r30,r18
 155               	/* #APP */
 156               	 ;  580 "main.c" 1
 157 00e6 8491      		lpm r24, Z
 158               		
 159               	 ;  0 "" 2
 160               	/* #NOAPP */
 161 00e8 0E94 0000 		call ks0108CharWidth
 162 00ec 080F      		add r16,r24
 163 00ee 111D      		adc r17,__zero_reg__
 164 00f0 9E01      		movw r18,r28
 165 00f2 FE01      		movw r30,r28
 166               	/* #APP */
 167               	 ;  579 "main.c" 1
 168 00f4 8491      		lpm r24, Z
 169               		
 170               	 ;  0 "" 2
 171               	/* #NOAPP */
GAS LISTING C:\Users\RAGHAV~1\AppData\Local\Temp/ccAiQiqo.s 			page 4


 172 00f6 8823      		tst r24
 173 00f8 01F4      		brne .L21
 174               	.L20:
 175 00fa C801      		movw r24,r16
 176               	/* epilogue start */
 177 00fc DF91      		pop r29
 178 00fe CF91      		pop r28
 179 0100 1F91      		pop r17
 180 0102 0F91      		pop r16
 181 0104 0895      		ret
 182               	.L24:
 183 0106 00E0      		ldi r16,lo8(0)
 184 0108 10E0      		ldi r17,hi8(0)
 185 010a 00C0      		rjmp .L20
 186               		.size	ks0108StringWidth_P, .-ks0108StringWidth_P
 187               	.global	ks0108Enable
 188               		.type	ks0108Enable, @function
 189               	ks0108Enable:
 190 010c DF93      		push r29
 191 010e CF93      		push r28
 192 0110 0F92      		push __tmp_reg__
 193 0112 CDB7      		in r28,__SP_L__
 194 0114 DEB7      		in r29,__SP_H__
 195               	/* prologue: function */
 196               	/* frame size = 1 */
 197 0116 929A      		sbi 50-32,2
 198               	/* #APP */
 199               	 ;  633 "main.c" 1
 200 0118 0000      		nop
 201 011a 0000      		nop
 202 011c 0000      		nop
 203               		
 204               	 ;  0 "" 2
 205               	/* #NOAPP */
 206 011e 9298      		cbi 50-32,2
 207 0120 1982      		std Y+1,__zero_reg__
 208 0122 8981      		ldd r24,Y+1
 209 0124 8830      		cpi r24,lo8(8)
 210 0126 00F4      		brsh .L28
 211               	.L29:
 212 0128 8981      		ldd r24,Y+1
 213 012a 8F5F      		subi r24,lo8(-(1))
 214 012c 8983      		std Y+1,r24
 215 012e 8981      		ldd r24,Y+1
 216 0130 8830      		cpi r24,lo8(8)
 217 0132 00F0      		brlo .L29
 218               	.L28:
 219               	/* epilogue start */
 220 0134 0F90      		pop __tmp_reg__
 221 0136 CF91      		pop r28
 222 0138 DF91      		pop r29
 223 013a 0895      		ret
 224               		.size	ks0108Enable, .-ks0108Enable
 225               	.global	main
 226               		.type	main, @function
 227               	main:
 228               	/* prologue: function */
GAS LISTING C:\Users\RAGHAV~1\AppData\Local\Temp/ccAiQiqo.s 			page 5


 229               	/* frame size = 0 */
 230 013c 0E94 0000 		call OSInit
 231 0140 0E94 0000 		call BoardInit
 232 0144 80E0      		ldi r24,lo8(gs(TaskMain))
 233 0146 90E0      		ldi r25,hi8(gs(TaskMain))
 234 0148 60E0      		ldi r22,lo8(0)
 235 014a 70E0      		ldi r23,hi8(0)
 236 014c 40E0      		ldi r20,lo8(TaskStk+127)
 237 014e 50E0      		ldi r21,hi8(TaskStk+127)
 238 0150 20E0      		ldi r18,lo8(0)
 239 0152 0E94 0000 		call OSTaskCreate
 240 0156 0E94 0000 		call OSStart
 241 015a 80E0      		ldi r24,lo8(0)
 242 015c 90E0      		ldi r25,hi8(0)
 243               	/* epilogue start */
 244 015e 0895      		ret
 245               		.size	main, .-main
 246               	.global	ks0108WriteCommand
 247               		.type	ks0108WriteCommand, @function
 248               	ks0108WriteCommand:
 249 0160 DF93      		push r29
 250 0162 CF93      		push r28
 251 0164 0F92      		push __tmp_reg__
 252 0166 CDB7      		in r28,__SP_L__
 253 0168 DEB7      		in r29,__SP_H__
 254               	/* prologue: function */
 255               	/* frame size = 1 */
 256 016a 982F      		mov r25,r24
 257 016c 6623      		tst r22
 258 016e 01F0      		breq .L41
 259 0170 6130      		cpi r22,lo8(1)
 260 0172 01F0      		breq .L42
 261               	.L35:
 262 0174 9498      		cbi 50-32,4
 263 0176 9398      		cbi 50-32,3
 264 0178 8FEF      		ldi r24,lo8(-1)
 265 017a 84BB      		out 52-32,r24
 266 017c 95BB      		out 53-32,r25
 267 017e 929A      		sbi 50-32,2
 268               	/* #APP */
 269               	 ;  633 "main.c" 1
 270 0180 0000      		nop
 271 0182 0000      		nop
 272 0184 0000      		nop
 273               		
 274               	 ;  0 "" 2
 275               	/* #NOAPP */
 276 0186 9298      		cbi 50-32,2
 277 0188 1982      		std Y+1,__zero_reg__
 278 018a 8981      		ldd r24,Y+1
 279 018c 8830      		cpi r24,lo8(8)
 280 018e 00F4      		brsh .L36
 281               	.L39:
 282 0190 8981      		ldd r24,Y+1
 283 0192 8F5F      		subi r24,lo8(-(1))
 284 0194 8983      		std Y+1,r24
 285 0196 8981      		ldd r24,Y+1
GAS LISTING C:\Users\RAGHAV~1\AppData\Local\Temp/ccAiQiqo.s 			page 6


 286 0198 8830      		cpi r24,lo8(8)
 287 019a 00F0      		brlo .L39
 288               	.L36:
 289 019c 15BA      		out 53-32,__zero_reg__
 290               	/* epilogue start */
 291 019e 0F90      		pop __tmp_reg__
 292 01a0 CF91      		pop r28
 293 01a2 DF91      		pop r29
 294 01a4 0895      		ret
 295               	.L41:
 296 01a6 9698      		cbi 50-32,6
 297 01a8 979A      		sbi 50-32,7
 298 01aa 00C0      		rjmp .L35
 299               	.L42:
 300 01ac 9798      		cbi 50-32,7
 301 01ae 969A      		sbi 50-32,6
 302 01b0 00C0      		rjmp .L35
 303               		.size	ks0108WriteCommand, .-ks0108WriteCommand
 304               	.global	ks0108GotoXY
 305               		.type	ks0108GotoXY, @function
 306               	ks0108GotoXY:
 307 01b2 1F93      		push r17
 308               	/* prologue: function */
 309               	/* frame size = 0 */
 310 01b4 87FD      		sbrc r24,7
 311 01b6 00C0      		rjmp .L50
 312               	.L44:
 313 01b8 6034      		cpi r22,lo8(64)
 314 01ba 00F0      		brlo .L45
 315 01bc 60E0      		ldi r22,lo8(0)
 316 01be 90E0      		ldi r25,lo8(0)
 317               	.L46:
 318 01c0 8093 0000 		sts ks0108Coord,r24
 319 01c4 6093 0000 		sts ks0108Coord+1,r22
 320 01c8 9093 0000 		sts ks0108Coord+2,r25
 321 01cc 8034      		cpi r24,lo8(64)
 322 01ce 00F0      		brlo .L51
 323 01d0 8054      		subi r24,lo8(-(-64))
 324 01d2 61E0      		ldi r22,lo8(1)
 325               	.L48:
 326 01d4 8064      		ori r24,lo8(64)
 327 01d6 0E94 0000 		call ks0108WriteCommand
 328 01da 1091 0000 		lds r17,ks0108Coord+2
 329 01de 186B      		ori r17,lo8(-72)
 330 01e0 812F      		mov r24,r17
 331 01e2 60E0      		ldi r22,lo8(0)
 332 01e4 0E94 0000 		call ks0108WriteCommand
 333 01e8 812F      		mov r24,r17
 334 01ea 61E0      		ldi r22,lo8(1)
 335 01ec 0E94 0000 		call ks0108WriteCommand
 336               	/* epilogue start */
 337 01f0 1F91      		pop r17
 338 01f2 0895      		ret
 339               	.L45:
 340 01f4 962F      		mov r25,r22
 341 01f6 9695      		lsr r25
 342 01f8 9695      		lsr r25
GAS LISTING C:\Users\RAGHAV~1\AppData\Local\Temp/ccAiQiqo.s 			page 7


 343 01fa 9695      		lsr r25
 344 01fc 00C0      		rjmp .L46
 345               	.L51:
 346 01fe 60E0      		ldi r22,lo8(0)
 347 0200 00C0      		rjmp .L48
 348               	.L50:
 349 0202 80E0      		ldi r24,lo8(0)
 350 0204 00C0      		rjmp .L44
 351               		.size	ks0108GotoXY, .-ks0108GotoXY
 352               	.global	ks0108DoReadData
 353               		.type	ks0108DoReadData, @function
 354               	ks0108DoReadData:
 355 0206 1F93      		push r17
 356 0208 DF93      		push r29
 357 020a CF93      		push r28
 358 020c 0F92      		push __tmp_reg__
 359 020e CDB7      		in r28,__SP_L__
 360 0210 DEB7      		in r29,__SP_H__
 361               	/* prologue: function */
 362               	/* frame size = 1 */
 363 0212 15BA      		out 53-32,__zero_reg__
 364 0214 14BA      		out 52-32,__zero_reg__
 365 0216 9091 0000 		lds r25,ks0108Coord
 366 021a 9034      		cpi r25,lo8(64)
 367 021c 00F4      		brsh .L53
 368 021e 9698      		cbi 50-32,6
 369 0220 979A      		sbi 50-32,7
 370 0222 9034      		cpi r25,lo8(64)
 371 0224 01F0      		breq .L62
 372               	.L55:
 373 0226 949A      		sbi 50-32,4
 374 0228 939A      		sbi 50-32,3
 375 022a 929A      		sbi 50-32,2
 376               	/* #APP */
 377               	 ;  665 "main.c" 1
 378 022c 0000      		nop
 379 022e 0000      		nop
 380 0230 0000      		nop
 381               		
 382               	 ;  0 "" 2
 383               	/* #NOAPP */
 384 0232 13B3      		in r17,51-32
 385 0234 9298      		cbi 50-32,2
 386 0236 1982      		std Y+1,__zero_reg__
 387 0238 8981      		ldd r24,Y+1
 388 023a 8830      		cpi r24,lo8(8)
 389 023c 00F4      		brsh .L56
 390               	.L60:
 391 023e 8981      		ldd r24,Y+1
 392 0240 8F5F      		subi r24,lo8(-(1))
 393 0242 8983      		std Y+1,r24
 394 0244 8981      		ldd r24,Y+1
 395 0246 8830      		cpi r24,lo8(8)
 396 0248 00F0      		brlo .L60
 397               	.L56:
 398 024a 8FEF      		ldi r24,lo8(-1)
 399 024c 84BB      		out 52-32,r24
GAS LISTING C:\Users\RAGHAV~1\AppData\Local\Temp/ccAiQiqo.s 			page 8


 400 024e 892F      		mov r24,r25
 401 0250 6091 0000 		lds r22,ks0108Coord+1
 402 0254 0E94 0000 		call ks0108GotoXY
 403 0258 8091 0000 		lds r24,ks0108Inverted
 404 025c 8111      		cpse r24,__zero_reg__
 405 025e 1095      		com r17
 406               	.L58:
 407 0260 812F      		mov r24,r17
 408               	/* epilogue start */
 409 0262 0F90      		pop __tmp_reg__
 410 0264 CF91      		pop r28
 411 0266 DF91      		pop r29
 412 0268 1F91      		pop r17
 413 026a 0895      		ret
 414               	.L53:
 415 026c 9798      		cbi 50-32,7
 416 026e 969A      		sbi 50-32,6
 417 0270 9034      		cpi r25,lo8(64)
 418 0272 01F4      		brne .L55
 419               	.L62:
 420 0274 8823      		tst r24
 421 0276 01F0      		breq .L55
 422 0278 80E4      		ldi r24,lo8(64)
 423 027a 61E0      		ldi r22,lo8(1)
 424 027c 0E94 0000 		call ks0108WriteCommand
 425 0280 9091 0000 		lds r25,ks0108Coord
 426 0284 00C0      		rjmp .L55
 427               		.size	ks0108DoReadData, .-ks0108DoReadData
 428               	.global	ks0108ReadData
 429               		.type	ks0108ReadData, @function
 430               	ks0108ReadData:
 431               	/* prologue: function */
 432               	/* frame size = 0 */
 433 0286 81E0      		ldi r24,lo8(1)
 434 0288 0E94 0000 		call ks0108DoReadData
 435 028c 80E0      		ldi r24,lo8(0)
 436 028e 0E94 0000 		call ks0108DoReadData
 437               	/* epilogue start */
 438 0292 0895      		ret
 439               		.size	ks0108ReadData, .-ks0108ReadData
 440               	.global	ks0108WriteData
 441               		.type	ks0108WriteData, @function
 442               	ks0108WriteData:
 443 0294 DF92      		push r13
 444 0296 EF92      		push r14
 445 0298 FF92      		push r15
 446 029a 0F93      		push r16
 447 029c 1F93      		push r17
 448 029e DF93      		push r29
 449 02a0 CF93      		push r28
 450 02a2 0F92      		push __tmp_reg__
 451 02a4 CDB7      		in r28,__SP_L__
 452 02a6 DEB7      		in r29,__SP_H__
 453               	/* prologue: function */
 454               	/* frame size = 1 */
 455 02a8 082F      		mov r16,r24
 456 02aa 8091 0000 		lds r24,ks0108Coord
GAS LISTING C:\Users\RAGHAV~1\AppData\Local\Temp/ccAiQiqo.s 			page 9


 457 02ae 87FD      		sbrc r24,7
 458 02b0 00C0      		rjmp .L81
 459 02b2 8034      		cpi r24,lo8(64)
 460 02b4 00F0      		brlo .L88
 461 02b6 9798      		cbi 50-32,7
 462 02b8 969A      		sbi 50-32,6
 463 02ba 8034      		cpi r24,lo8(64)
 464 02bc 01F0      		breq .L89
 465               	.L69:
 466 02be 949A      		sbi 50-32,4
 467 02c0 9398      		cbi 50-32,3
 468 02c2 FF24      		clr r15
 469 02c4 FA94      		dec r15
 470 02c6 F4BA      		out 52-32,r15
 471 02c8 1091 0000 		lds r17,ks0108Coord+1
 472 02cc 1770      		andi r17,lo8(7)
 473 02ce 01F4      		brne .L90
 474 02d0 8091 0000 		lds r24,ks0108Inverted
 475 02d4 8111      		cpse r24,__zero_reg__
 476 02d6 0095      		com r16
 477               	.L78:
 478 02d8 05BB      		out 53-32,r16
 479 02da 929A      		sbi 50-32,2
 480               	/* #APP */
 481               	 ;  633 "main.c" 1
 482 02dc 0000      		nop
 483 02de 0000      		nop
 484 02e0 0000      		nop
 485               		
 486               	 ;  0 "" 2
 487               	/* #NOAPP */
 488 02e2 9298      		cbi 50-32,2
 489 02e4 1982      		std Y+1,__zero_reg__
 490 02e6 8981      		ldd r24,Y+1
 491 02e8 8830      		cpi r24,lo8(8)
 492 02ea 00F4      		brsh .L79
 493               	.L84:
 494 02ec 8981      		ldd r24,Y+1
 495 02ee 8F5F      		subi r24,lo8(-(1))
 496 02f0 8983      		std Y+1,r24
 497 02f2 8981      		ldd r24,Y+1
 498 02f4 8830      		cpi r24,lo8(8)
 499 02f6 00F0      		brlo .L84
 500               	.L79:
 501 02f8 8091 0000 		lds r24,ks0108Coord
 502 02fc 8F5F      		subi r24,lo8(-(1))
 503 02fe 8093 0000 		sts ks0108Coord,r24
 504 0302 15BA      		out 53-32,__zero_reg__
 505               	.L81:
 506               	/* epilogue start */
 507 0304 0F90      		pop __tmp_reg__
 508 0306 CF91      		pop r28
 509 0308 DF91      		pop r29
 510 030a 1F91      		pop r17
 511 030c 0F91      		pop r16
 512 030e FF90      		pop r15
 513 0310 EF90      		pop r14
GAS LISTING C:\Users\RAGHAV~1\AppData\Local\Temp/ccAiQiqo.s 			page 10


 514 0312 DF90      		pop r13
 515 0314 0895      		ret
 516               	.L88:
 517 0316 9698      		cbi 50-32,6
 518 0318 979A      		sbi 50-32,7
 519 031a 8034      		cpi r24,lo8(64)
 520 031c 01F4      		brne .L69
 521               	.L89:
 522 031e 61E0      		ldi r22,lo8(1)
 523 0320 0E94 0000 		call ks0108WriteCommand
 524 0324 00C0      		rjmp .L69
 525               	.L90:
 526 0326 D2B2      		in r13,50-32
 527 0328 81E0      		ldi r24,lo8(1)
 528 032a 0E94 0000 		call ks0108DoReadData
 529 032e 80E0      		ldi r24,lo8(0)
 530 0330 0E94 0000 		call ks0108DoReadData
 531 0334 D2BA      		out 50-32,r13
 532 0336 F4BA      		out 52-32,r15
 533 0338 E02E      		mov r14,r16
 534 033a FF24      		clr r15
 535 033c 012F      		mov r16,r17
 536 033e 10E0      		ldi r17,lo8(0)
 537 0340 9701      		movw r18,r14
 538 0342 002E      		mov r0,r16
 539 0344 00C0      		rjmp 2f
 540 0346 220F      	1:	lsl r18
 541 0348 331F      		rol r19
 542 034a 0A94      	2:	dec r0
 543 034c 02F4      		brpl 1b
 544 034e 982F      		mov r25,r24
 545 0350 922B      		or r25,r18
 546 0352 8091 0000 		lds r24,ks0108Inverted
 547 0356 8823      		tst r24
 548 0358 01F0      		breq .+2
 549 035a 00C0      		rjmp .L91
 550               	.L71:
 551 035c 95BB      		out 53-32,r25
 552 035e 929A      		sbi 50-32,2
 553               	/* #APP */
 554               	 ;  633 "main.c" 1
 555 0360 0000      		nop
 556 0362 0000      		nop
 557 0364 0000      		nop
 558               		
 559               	 ;  0 "" 2
 560               	/* #NOAPP */
 561 0366 9298      		cbi 50-32,2
 562 0368 1982      		std Y+1,__zero_reg__
 563 036a 8981      		ldd r24,Y+1
 564 036c 8830      		cpi r24,lo8(8)
 565 036e 00F4      		brsh .L72
 566               	.L83:
 567 0370 8981      		ldd r24,Y+1
 568 0372 8F5F      		subi r24,lo8(-(1))
 569 0374 8983      		std Y+1,r24
 570 0376 8981      		ldd r24,Y+1
GAS LISTING C:\Users\RAGHAV~1\AppData\Local\Temp/ccAiQiqo.s 			page 11


 571 0378 8830      		cpi r24,lo8(8)
 572 037a 00F0      		brlo .L83
 573               	.L72:
 574 037c 6091 0000 		lds r22,ks0108Coord+1
 575 0380 685F      		subi r22,lo8(-(8))
 576 0382 8091 0000 		lds r24,ks0108Coord
 577 0386 0E94 0000 		call ks0108GotoXY
 578 038a 81E0      		ldi r24,lo8(1)
 579 038c 0E94 0000 		call ks0108DoReadData
 580 0390 80E0      		ldi r24,lo8(0)
 581 0392 0E94 0000 		call ks0108DoReadData
 582 0396 D2BA      		out 50-32,r13
 583 0398 9FEF      		ldi r25,lo8(-1)
 584 039a 94BB      		out 52-32,r25
 585 039c 28E0      		ldi r18,lo8(8)
 586 039e 30E0      		ldi r19,hi8(8)
 587 03a0 201B      		sub r18,r16
 588 03a2 310B      		sbc r19,r17
 589 03a4 00C0      		rjmp 2f
 590 03a6 F594      	1:	asr r15
 591 03a8 E794      		ror r14
 592 03aa 2A95      	2:	dec r18
 593 03ac 02F4      		brpl 1b
 594 03ae 282F      		mov r18,r24
 595 03b0 2E29      		or r18,r14
 596 03b2 8091 0000 		lds r24,ks0108Inverted
 597 03b6 8823      		tst r24
 598 03b8 01F4      		brne .L92
 599               	.L74:
 600 03ba 25BB      		out 53-32,r18
 601 03bc 929A      		sbi 50-32,2
 602               	/* #APP */
 603               	 ;  633 "main.c" 1
 604 03be 0000      		nop
 605 03c0 0000      		nop
 606 03c2 0000      		nop
 607               		
 608               	 ;  0 "" 2
 609               	/* #NOAPP */
 610 03c4 9298      		cbi 50-32,2
 611 03c6 1982      		std Y+1,__zero_reg__
 612 03c8 8981      		ldd r24,Y+1
 613 03ca 8830      		cpi r24,lo8(8)
 614 03cc 00F4      		brsh .L75
 615               	.L82:
 616 03ce 8981      		ldd r24,Y+1
 617 03d0 8F5F      		subi r24,lo8(-(1))
 618 03d2 8983      		std Y+1,r24
 619 03d4 8981      		ldd r24,Y+1
 620 03d6 8830      		cpi r24,lo8(8)
 621 03d8 00F0      		brlo .L82
 622               	.L75:
 623 03da 8091 0000 		lds r24,ks0108Coord
 624 03de 6091 0000 		lds r22,ks0108Coord+1
 625 03e2 6850      		subi r22,lo8(-(-8))
 626 03e4 8F5F      		subi r24,lo8(-(1))
 627 03e6 0E94 0000 		call ks0108GotoXY
GAS LISTING C:\Users\RAGHAV~1\AppData\Local\Temp/ccAiQiqo.s 			page 12


 628 03ea 15BA      		out 53-32,__zero_reg__
 629 03ec 00C0      		rjmp .L81
 630               	.L92:
 631 03ee 2095      		com r18
 632 03f0 00C0      		rjmp .L74
 633               	.L91:
 634 03f2 9095      		com r25
 635 03f4 00C0      		rjmp .L71
 636               		.size	ks0108WriteData, .-ks0108WriteData
 637               	.global	ks0108PutChar
 638               		.type	ks0108PutChar, @function
 639               	ks0108PutChar:
 640 03f6 2F92      		push r2
 641 03f8 3F92      		push r3
 642 03fa 4F92      		push r4
 643 03fc 5F92      		push r5
 644 03fe 6F92      		push r6
 645 0400 7F92      		push r7
 646 0402 8F92      		push r8
 647 0404 9F92      		push r9
 648 0406 AF92      		push r10
 649 0408 BF92      		push r11
 650 040a CF92      		push r12
 651 040c DF92      		push r13
 652 040e EF92      		push r14
 653 0410 FF92      		push r15
 654 0412 0F93      		push r16
 655 0414 1F93      		push r17
 656 0416 DF93      		push r29
 657 0418 CF93      		push r28
 658 041a 00D0      		rcall .
 659 041c 00D0      		rcall .
 660 041e 00D0      		rcall .
 661 0420 CDB7      		in r28,__SP_L__
 662 0422 DEB7      		in r29,__SP_H__
 663               	/* prologue: function */
 664               	/* frame size = 6 */
 665 0424 082F      		mov r16,r24
 666 0426 8091 0000 		lds r24,ks0108Font
 667 042a 9091 0000 		lds r25,(ks0108Font)+1
 668 042e E091 0000 		lds r30,ks0108FontRead
 669 0432 F091 0000 		lds r31,(ks0108FontRead)+1
 670 0436 0396      		adiw r24,3
 671 0438 0995      		icall
 672 043a F82E      		mov r15,r24
 673 043c 282F      		mov r18,r24
 674 043e 2770      		andi r18,lo8(7)
 675 0440 2B83      		std Y+3,r18
 676 0442 8091 0000 		lds r24,ks0108Font
 677 0446 9091 0000 		lds r25,(ks0108Font)+1
 678 044a E091 0000 		lds r30,ks0108FontRead
 679 044e F091 0000 		lds r31,(ks0108FontRead)+1
 680 0452 0496      		adiw r24,4
 681 0454 0995      		icall
 682 0456 182F      		mov r17,r24
 683 0458 8091 0000 		lds r24,ks0108Font
 684 045c 9091 0000 		lds r25,(ks0108Font)+1
GAS LISTING C:\Users\RAGHAV~1\AppData\Local\Temp/ccAiQiqo.s 			page 13


 685 0460 E091 0000 		lds r30,ks0108FontRead
 686 0464 F091 0000 		lds r31,(ks0108FontRead)+1
 687 0468 0596      		adiw r24,5
 688 046a 0995      		icall
 689 046c 3091 0000 		lds r19,ks0108Coord
 690 0470 3A83      		std Y+2,r19
 691 0472 9091 0000 		lds r25,ks0108Coord+1
 692 0476 9983      		std Y+1,r25
 693 0478 0117      		cp r16,r17
 694 047a 00F4      		brsh .+2
 695 047c 00C0      		rjmp .L94
 696 047e 202F      		mov r18,r16
 697 0480 30E0      		ldi r19,lo8(0)
 698 0482 C82E      		mov r12,r24
 699 0484 DD24      		clr r13
 700 0486 C601      		movw r24,r12
 701 0488 810F      		add r24,r17
 702 048a 911D      		adc r25,__zero_reg__
 703 048c 2817      		cp r18,r24
 704 048e 3907      		cpc r19,r25
 705 0490 04F0      		brlt .+2
 706 0492 00C0      		rjmp .L94
 707 0494 8F2D      		mov r24,r15
 708 0496 90E0      		ldi r25,lo8(0)
 709 0498 0796      		adiw r24,7
 710 049a 9595      		asr r25
 711 049c 8795      		ror r24
 712 049e 9595      		asr r25
 713 04a0 8795      		ror r24
 714 04a2 9595      		asr r25
 715 04a4 8795      		ror r24
 716 04a6 8C83      		std Y+4,r24
 717 04a8 F02E      		mov r15,r16
 718 04aa F11A      		sub r15,r17
 719 04ac 01F4      		brne .+2
 720 04ae 00C0      		rjmp .L116
 721 04b0 00E0      		ldi r16,lo8(0)
 722 04b2 10E0      		ldi r17,hi8(0)
 723 04b4 96E0      		ldi r25,lo8(6)
 724 04b6 A92E      		mov r10,r25
 725 04b8 B12C      		mov r11,__zero_reg__
 726               	.L97:
 727 04ba 8091 0000 		lds r24,ks0108Font
 728 04be 9091 0000 		lds r25,(ks0108Font)+1
 729 04c2 E091 0000 		lds r30,ks0108FontRead
 730 04c6 F091 0000 		lds r31,(ks0108FontRead)+1
 731 04ca 8A0D      		add r24,r10
 732 04cc 9B1D      		adc r25,r11
 733 04ce 0995      		icall
 734 04d0 080F      		add r16,r24
 735 04d2 111D      		adc r17,__zero_reg__
 736 04d4 0894      		sec
 737 04d6 A11C      		adc r10,__zero_reg__
 738 04d8 B11C      		adc r11,__zero_reg__
 739 04da 8A2D      		mov r24,r10
 740 04dc 8650      		subi r24,lo8(-(-6))
 741 04de 8F15      		cp r24,r15
GAS LISTING C:\Users\RAGHAV~1\AppData\Local\Temp/ccAiQiqo.s 			page 14


 742 04e0 00F0      		brlo .L97
 743 04e2 EC81      		ldd r30,Y+4
 744 04e4 8E2F      		mov r24,r30
 745 04e6 90E0      		ldi r25,lo8(0)
 746 04e8 089F      		mul r16,r24
 747 04ea 9001      		movw r18,r0
 748 04ec 099F      		mul r16,r25
 749 04ee 300D      		add r19,r0
 750 04f0 189F      		mul r17,r24
 751 04f2 300D      		add r19,r0
 752 04f4 1124      		clr r1
 753               	.L96:
 754 04f6 86E0      		ldi r24,lo8(6)
 755 04f8 482E      		mov r4,r24
 756 04fa 512C      		mov r5,__zero_reg__
 757 04fc 4C0C      		add r4,r12
 758 04fe 5D1C      		adc r5,r13
 759 0500 420E      		add r4,r18
 760 0502 531E      		adc r5,r19
 761 0504 2F2D      		mov r18,r15
 762 0506 30E0      		ldi r19,lo8(0)
 763 0508 2A5F      		subi r18,lo8(-(6))
 764 050a 3F4F      		sbci r19,hi8(-(6))
 765 050c 8091 0000 		lds r24,ks0108Font
 766 0510 9091 0000 		lds r25,(ks0108Font)+1
 767 0514 E091 0000 		lds r30,ks0108FontRead
 768 0518 F091 0000 		lds r31,(ks0108FontRead)+1
 769 051c 820F      		add r24,r18
 770 051e 931F      		adc r25,r19
 771 0520 0995      		icall
 772 0522 082F      		mov r16,r24
 773 0524 FC81      		ldd r31,Y+4
 774 0526 FF23      		tst r31
 775 0528 01F4      		brne .+2
 776 052a 00C0      		rjmp .L98
 777 052c 8F2E      		mov r8,r31
 778 052e 9924      		clr r9
 779 0530 282E      		mov r2,r24
 780 0532 2194      		neg r2
 781 0534 AA24      		clr r10
 782 0536 BB24      		clr r11
 783 0538 3324      		clr r3
 784               	.L108:
 785 053a 0023      		tst r16
 786 053c 01F4      		brne .+2
 787 053e 00C0      		rjmp .L117
 788 0540 6201      		movw r12,r4
 789 0542 C30C      		add r12,r3
 790 0544 D11C      		adc r13,__zero_reg__
 791 0546 3201      		movw r6,r4
 792 0548 620C      		add r6,r2
 793 054a 711C      		adc r7,__zero_reg__
 794 054c 1E82      		std Y+6,__zero_reg__
 795 054e 1D82      		std Y+5,__zero_reg__
 796 0550 7501      		movw r14,r10
 797 0552 0894      		sec
 798 0554 E11C      		adc r14,__zero_reg__
GAS LISTING C:\Users\RAGHAV~1\AppData\Local\Temp/ccAiQiqo.s 			page 15


 799 0556 F11C      		adc r15,__zero_reg__
 800 0558 00C0      		rjmp .L103
 801               	.L101:
 802 055a 812F      		mov r24,r17
 803 055c 8095      		com r24
 804 055e 0E94 0000 		call ks0108WriteData
 805               	.L102:
 806 0562 2D81      		ldd r18,Y+5
 807 0564 3E81      		ldd r19,Y+6
 808 0566 2F5F      		subi r18,lo8(-(1))
 809 0568 3F4F      		sbci r19,hi8(-(1))
 810 056a 3E83      		std Y+6,r19
 811 056c 2D83      		std Y+5,r18
 812 056e 2017      		cp r18,r16
 813 0570 00F0      		brlo .+2
 814 0572 00C0      		rjmp .L99
 815               	.L103:
 816 0574 2D81      		ldd r18,Y+5
 817 0576 3E81      		ldd r19,Y+6
 818 0578 2C0D      		add r18,r12
 819 057a 3D1D      		adc r19,r13
 820 057c 8091 0000 		lds r24,ks0108Font
 821 0580 9091 0000 		lds r25,(ks0108Font)+1
 822 0584 E091 0000 		lds r30,ks0108FontRead
 823 0588 F091 0000 		lds r31,(ks0108FontRead)+1
 824 058c 820F      		add r24,r18
 825 058e 931F      		adc r25,r19
 826 0590 0995      		icall
 827 0592 182F      		mov r17,r24
 828 0594 8E14      		cp r8,r14
 829 0596 9F04      		cpc r9,r15
 830 0598 01F0      		breq .L118
 831               	.L100:
 832 059a 8091 0000 		lds r24,ks0108FontColor
 833 059e 8F3F      		cpi r24,lo8(-1)
 834 05a0 01F4      		brne .L101
 835 05a2 812F      		mov r24,r17
 836 05a4 0E94 0000 		call ks0108WriteData
 837 05a8 00C0      		rjmp .L102
 838               	.L94:
 839 05aa 21E0      		ldi r18,lo8(1)
 840 05ac 30E0      		ldi r19,hi8(1)
 841               	.L109:
 842 05ae C901      		movw r24,r18
 843               	/* epilogue start */
 844 05b0 2696      		adiw r28,6
 845 05b2 0FB6      		in __tmp_reg__,__SREG__
 846 05b4 F894      		cli
 847 05b6 DEBF      		out __SP_H__,r29
 848 05b8 0FBE      		out __SREG__,__tmp_reg__
 849 05ba CDBF      		out __SP_L__,r28
 850 05bc CF91      		pop r28
 851 05be DF91      		pop r29
 852 05c0 1F91      		pop r17
 853 05c2 0F91      		pop r16
 854 05c4 FF90      		pop r15
 855 05c6 EF90      		pop r14
GAS LISTING C:\Users\RAGHAV~1\AppData\Local\Temp/ccAiQiqo.s 			page 16


 856 05c8 DF90      		pop r13
 857 05ca CF90      		pop r12
 858 05cc BF90      		pop r11
 859 05ce AF90      		pop r10
 860 05d0 9F90      		pop r9
 861 05d2 8F90      		pop r8
 862 05d4 7F90      		pop r7
 863 05d6 6F90      		pop r6
 864 05d8 5F90      		pop r5
 865 05da 4F90      		pop r4
 866 05dc 3F90      		pop r3
 867 05de 2F90      		pop r2
 868 05e0 0895      		ret
 869               	.L118:
 870 05e2 2D81      		ldd r18,Y+5
 871 05e4 3E81      		ldd r19,Y+6
 872 05e6 260D      		add r18,r6
 873 05e8 371D      		adc r19,r7
 874 05ea 8091 0000 		lds r24,ks0108Font
 875 05ee 9091 0000 		lds r25,(ks0108Font)+1
 876 05f2 E091 0000 		lds r30,ks0108FontRead
 877 05f6 F091 0000 		lds r31,(ks0108FontRead)+1
 878 05fa 820F      		add r24,r18
 879 05fc 931F      		adc r25,r19
 880 05fe 0995      		icall
 881 0600 90E0      		ldi r25,lo8(0)
 882 0602 0B80      		ldd r0,Y+3
 883 0604 00C0      		rjmp 2f
 884 0606 9595      	1:	asr r25
 885 0608 8795      		ror r24
 886 060a 0A94      	2:	dec r0
 887 060c 02F4      		brpl 1b
 888 060e 182B      		or r17,r24
 889 0610 00C0      		rjmp .L100
 890               	.L117:
 891 0612 7501      		movw r14,r10
 892 0614 0894      		sec
 893 0616 E11C      		adc r14,__zero_reg__
 894 0618 F11C      		adc r15,__zero_reg__
 895               	.L99:
 896 061a 8091 0000 		lds r24,ks0108FontColor
 897 061e 8F3F      		cpi r24,lo8(-1)
 898 0620 01F0      		breq .L119
 899 0622 8FEF      		ldi r24,lo8(-1)
 900 0624 0E94 0000 		call ks0108WriteData
 901               	.L105:
 902 0628 82E0      		ldi r24,lo8(2)
 903 062a 90E0      		ldi r25,hi8(2)
 904 062c A80E      		add r10,r24
 905 062e B91E      		adc r11,r25
 906 0630 A814      		cp r10,r8
 907 0632 B904      		cpc r11,r9
 908 0634 04F4      		brge .L106
 909 0636 6091 0000 		lds r22,ks0108Coord+1
 910 063a 685F      		subi r22,lo8(-(8))
 911 063c 8A81      		ldd r24,Y+2
 912 063e 0E94 0000 		call ks0108GotoXY
GAS LISTING C:\Users\RAGHAV~1\AppData\Local\Temp/ccAiQiqo.s 			page 17


 913               	.L107:
 914 0642 5701      		movw r10,r14
 915 0644 300E      		add r3,r16
 916 0646 200E      		add r2,r16
 917 0648 EC81      		ldd r30,Y+4
 918 064a EE16      		cp r14,r30
 919 064c 00F4      		brsh .+2
 920 064e 00C0      		rjmp .L108
 921               	.L98:
 922 0650 FA81      		ldd r31,Y+2
 923 0652 FF5F      		subi r31,lo8(-(1))
 924 0654 8F2F      		mov r24,r31
 925 0656 800F      		add r24,r16
 926 0658 6981      		ldd r22,Y+1
 927 065a 0E94 0000 		call ks0108GotoXY
 928 065e 20E0      		ldi r18,lo8(0)
 929 0660 30E0      		ldi r19,hi8(0)
 930 0662 00C0      		rjmp .L109
 931               	.L106:
 932 0664 6091 0000 		lds r22,ks0108Coord+1
 933 0668 9B81      		ldd r25,Y+3
 934 066a 690F      		add r22,r25
 935 066c 8A81      		ldd r24,Y+2
 936 066e 0E94 0000 		call ks0108GotoXY
 937 0672 00C0      		rjmp .L107
 938               	.L119:
 939 0674 80E0      		ldi r24,lo8(0)
 940 0676 0E94 0000 		call ks0108WriteData
 941 067a 00C0      		rjmp .L105
 942               	.L116:
 943 067c 20E0      		ldi r18,lo8(0)
 944 067e 30E0      		ldi r19,hi8(0)
 945 0680 00C0      		rjmp .L96
 946               		.size	ks0108PutChar, .-ks0108PutChar
 947               	.global	ks0108Puts_P
 948               		.type	ks0108Puts_P, @function
 949               	ks0108Puts_P:
 950 0682 0F93      		push r16
 951 0684 1F93      		push r17
 952 0686 CF93      		push r28
 953 0688 DF93      		push r29
 954               	/* prologue: function */
 955               	/* frame size = 0 */
 956 068a EC01      		movw r28,r24
 957 068c 0091 0000 		lds r16,ks0108Coord
 958 0690 FC01      		movw r30,r24
 959               	/* #APP */
 960               	 ;  539 "main.c" 1
 961 0692 8491      		lpm r24, Z
 962               		
 963               	 ;  0 "" 2
 964               	/* #NOAPP */
 965 0694 8823      		tst r24
 966 0696 01F4      		brne .L126
 967 0698 00C0      		rjmp .L125
 968               	.L122:
 969 069a 0E94 0000 		call ks0108PutChar
GAS LISTING C:\Users\RAGHAV~1\AppData\Local\Temp/ccAiQiqo.s 			page 18


 970 069e 2196      		adiw r28,1
 971 06a0 FE01      		movw r30,r28
 972               	/* #APP */
 973               	 ;  539 "main.c" 1
 974 06a2 8491      		lpm r24, Z
 975               		
 976               	 ;  0 "" 2
 977               	/* #NOAPP */
 978 06a4 8823      		tst r24
 979 06a6 01F0      		breq .L125
 980               	.L126:
 981 06a8 FE01      		movw r30,r28
 982               	/* #APP */
 983               	 ;  540 "main.c" 1
 984 06aa 8491      		lpm r24, Z
 985               		
 986               	 ;  0 "" 2
 987               	/* #NOAPP */
 988 06ac 8A30      		cpi r24,lo8(10)
 989 06ae 01F4      		brne .L122
 990 06b0 1091 0000 		lds r17,ks0108Coord+1
 991 06b4 8091 0000 		lds r24,ks0108Font
 992 06b8 9091 0000 		lds r25,(ks0108Font)+1
 993 06bc E091 0000 		lds r30,ks0108FontRead
 994 06c0 F091 0000 		lds r31,(ks0108FontRead)+1
 995 06c4 0396      		adiw r24,3
 996 06c6 0995      		icall
 997 06c8 180F      		add r17,r24
 998 06ca 802F      		mov r24,r16
 999 06cc 612F      		mov r22,r17
 1000 06ce 0E94 0000 		call ks0108GotoXY
 1001 06d2 2196      		adiw r28,1
 1002 06d4 FE01      		movw r30,r28
 1003               	/* #APP */
 1004               	 ;  539 "main.c" 1
 1005 06d6 8491      		lpm r24, Z
 1006               		
 1007               	 ;  0 "" 2
 1008               	/* #NOAPP */
 1009 06d8 8823      		tst r24
 1010 06da 01F4      		brne .L126
 1011               	.L125:
 1012               	/* epilogue start */
 1013 06dc DF91      		pop r29
 1014 06de CF91      		pop r28
 1015 06e0 1F91      		pop r17
 1016 06e2 0F91      		pop r16
 1017 06e4 0895      		ret
 1018               		.size	ks0108Puts_P, .-ks0108Puts_P
 1019               		.data
 1020               	.LC0:
 1021 0000 4154 0D0A 		.string	"AT\r\n"
 1021      00
 1022               		.text
 1023               	.global	TaskGsm
 1024               		.type	TaskGsm, @function
 1025               	TaskGsm:
GAS LISTING C:\Users\RAGHAV~1\AppData\Local\Temp/ccAiQiqo.s 			page 19


 1026 06e6 0F93      		push r16
 1027 06e8 1F93      		push r17
 1028 06ea DF93      		push r29
 1029 06ec CF93      		push r28
 1030 06ee 0F92      		push __tmp_reg__
 1031 06f0 CDB7      		in r28,__SP_L__
 1032 06f2 DEB7      		in r29,__SP_H__
 1033               	/* prologue: function */
 1034               	/* frame size = 1 */
 1035 06f4 80E0      		ldi r24,lo8(.LC0)
 1036 06f6 90E0      		ldi r25,hi8(.LC0)
 1037 06f8 9093 0000 		sts (AtCmdDetails)+1,r25
 1038 06fc 8093 0000 		sts AtCmdDetails,r24
 1039 0700 8AE0      		ldi r24,lo8(10)
 1040 0702 90E0      		ldi r25,hi8(10)
 1041 0704 9093 0000 		sts (AtCmdDetails+2)+1,r25
 1042 0708 8093 0000 		sts AtCmdDetails+2,r24
 1043 070c 81E0      		ldi r24,lo8(1)
 1044 070e 8093 0000 		sts AtCmdDetails+4,r24
 1045 0712 8E01      		movw r16,r28
 1046 0714 0F5F      		subi r16,lo8(-(1))
 1047 0716 1F4F      		sbci r17,hi8(-(1))
 1048               	.L133:
 1049 0718 80E0      		ldi r24,lo8(AtCmdDetails)
 1050 071a 90E0      		ldi r25,hi8(AtCmdDetails)
 1051 071c 61E0      		ldi r22,lo8(1)
 1052 071e A801      		movw r20,r16
 1053 0720 0E94 0000 		call SendAtCommand
 1054 0724 8981      		ldd r24,Y+1
 1055 0726 8823      		tst r24
 1056 0728 01F4      		brne .L129
 1057 072a 88B3      		in r24,56-32
 1058 072c 91E0      		ldi r25,lo8(1)
 1059 072e 8927      		eor r24,r25
 1060 0730 88BB      		out 56-32,r24
 1061 0732 00C0      		rjmp .L133
 1062               	.L129:
 1063 0734 8130      		cpi r24,lo8(1)
 1064 0736 01F0      		breq .L134
 1065 0738 80E0      		ldi r24,lo8(0)
 1066 073a 60E3      		ldi r22,lo8(48)
 1067 073c 0E94 0000 		call ks0108GotoXY
 1068 0740 80E0      		ldi r24,lo8(__c.1751)
 1069 0742 90E0      		ldi r25,hi8(__c.1751)
 1070 0744 0E94 0000 		call ks0108Puts_P
 1071 0748 00C0      		rjmp .L133
 1072               	.L134:
 1073 074a 80E0      		ldi r24,lo8(0)
 1074 074c 60E3      		ldi r22,lo8(48)
 1075 074e 0E94 0000 		call ks0108GotoXY
 1076 0752 80E0      		ldi r24,lo8(__c.1749)
 1077 0754 90E0      		ldi r25,hi8(__c.1749)
 1078 0756 0E94 0000 		call ks0108Puts_P
 1079 075a 00C0      		rjmp .L133
 1080               		.size	TaskGsm, .-TaskGsm
 1081               	.global	TaskMain
 1082               		.type	TaskMain, @function
GAS LISTING C:\Users\RAGHAV~1\AppData\Local\Temp/ccAiQiqo.s 			page 20


 1083               	TaskMain:
 1084               	/* prologue: function */
 1085               	/* frame size = 0 */
 1086               	/* #APP */
 1087               	 ;  98 "main.c" 1
 1088 075c F894      		cli
 1089               	 ;  0 "" 2
 1090               	/* #NOAPP */
 1091 075e 85E0      		ldi r24,lo8(5)
 1092 0760 83BF      		out 83-32,r24
 1093 0762 81E0      		ldi r24,lo8(1)
 1094 0764 89BF      		out 89-32,r24
 1095 0766 12BE      		out 82-32,__zero_reg__
 1096               	/* #APP */
 1097               	 ;  102 "main.c" 1
 1098 0768 7894      		sei
 1099               	 ;  0 "" 2
 1100               	/* #NOAPP */
 1101 076a 80E0      		ldi r24,lo8(0)
 1102 076c 60E0      		ldi r22,lo8(0)
 1103 076e 0E94 0000 		call ks0108GotoXY
 1104 0772 80E0      		ldi r24,lo8(__c.1734)
 1105 0774 90E0      		ldi r25,hi8(__c.1734)
 1106 0776 0E94 0000 		call ks0108Puts_P
 1107 077a 80E0      		ldi r24,lo8(0)
 1108 077c 60E1      		ldi r22,lo8(16)
 1109 077e 0E94 0000 		call ks0108GotoXY
 1110 0782 80E0      		ldi r24,lo8(__c.1736)
 1111 0784 90E0      		ldi r25,hi8(__c.1736)
 1112 0786 0E94 0000 		call ks0108Puts_P
 1113 078a 80E0      		ldi r24,lo8(gs(TaskGsm))
 1114 078c 90E0      		ldi r25,hi8(gs(TaskGsm))
 1115 078e 60E0      		ldi r22,lo8(0)
 1116 0790 70E0      		ldi r23,hi8(0)
 1117 0792 40E0      		ldi r20,lo8(TaskStk+255)
 1118 0794 50E0      		ldi r21,hi8(TaskStk+255)
 1119 0796 23E0      		ldi r18,lo8(3)
 1120 0798 0E94 0000 		call OSTaskCreate
 1121               	.L136:
 1122 079c 81E3      		ldi r24,lo8(305)
 1123 079e 91E0      		ldi r25,hi8(305)
 1124 07a0 0E94 0000 		call OSTimeDly
 1125 07a4 00C0      		rjmp .L136
 1126               		.size	TaskMain, .-TaskMain
 1127               	.global	ks0108Puts
 1128               		.type	ks0108Puts, @function
 1129               	ks0108Puts:
 1130 07a6 0F93      		push r16
 1131 07a8 1F93      		push r17
 1132 07aa CF93      		push r28
 1133 07ac DF93      		push r29
 1134               	/* prologue: function */
 1135               	/* frame size = 0 */
 1136 07ae EC01      		movw r28,r24
 1137 07b0 0091 0000 		lds r16,ks0108Coord
 1138 07b4 8881      		ld r24,Y
 1139 07b6 8823      		tst r24
GAS LISTING C:\Users\RAGHAV~1\AppData\Local\Temp/ccAiQiqo.s 			page 21


 1140 07b8 01F4      		brne .L144
 1141 07ba 00C0      		rjmp .L143
 1142               	.L140:
 1143 07bc 0E94 0000 		call ks0108PutChar
 1144 07c0 2196      		adiw r28,1
 1145 07c2 8881      		ld r24,Y
 1146 07c4 8823      		tst r24
 1147 07c6 01F0      		breq .L143
 1148               	.L144:
 1149 07c8 8A30      		cpi r24,lo8(10)
 1150 07ca 01F4      		brne .L140
 1151 07cc 1091 0000 		lds r17,ks0108Coord+1
 1152 07d0 8091 0000 		lds r24,ks0108Font
 1153 07d4 9091 0000 		lds r25,(ks0108Font)+1
 1154 07d8 E091 0000 		lds r30,ks0108FontRead
 1155 07dc F091 0000 		lds r31,(ks0108FontRead)+1
 1156 07e0 0396      		adiw r24,3
 1157 07e2 0995      		icall
 1158 07e4 180F      		add r17,r24
 1159 07e6 802F      		mov r24,r16
 1160 07e8 612F      		mov r22,r17
 1161 07ea 0E94 0000 		call ks0108GotoXY
 1162 07ee 2196      		adiw r28,1
 1163 07f0 8881      		ld r24,Y
 1164 07f2 8823      		tst r24
 1165 07f4 01F4      		brne .L144
 1166               	.L143:
 1167               	/* epilogue start */
 1168 07f6 DF91      		pop r29
 1169 07f8 CF91      		pop r28
 1170 07fa 1F91      		pop r17
 1171 07fc 0F91      		pop r16
 1172 07fe 0895      		ret
 1173               		.size	ks0108Puts, .-ks0108Puts
 1174               	.global	ks0108SetDot
 1175               		.type	ks0108SetDot, @function
 1176               	ks0108SetDot:
 1177 0800 0F93      		push r16
 1178 0802 1F93      		push r17
 1179               	/* prologue: function */
 1180               	/* frame size = 0 */
 1181 0804 062F      		mov r16,r22
 1182 0806 142F      		mov r17,r20
 1183 0808 687F      		andi r22,lo8(-8)
 1184 080a 0E94 0000 		call ks0108GotoXY
 1185 080e 81E0      		ldi r24,lo8(1)
 1186 0810 0E94 0000 		call ks0108DoReadData
 1187 0814 80E0      		ldi r24,lo8(0)
 1188 0816 0E94 0000 		call ks0108DoReadData
 1189 081a 282F      		mov r18,r24
 1190 081c 1F3F      		cpi r17,lo8(-1)
 1191 081e 01F0      		breq .L150
 1192 0820 0770      		andi r16,lo8(7)
 1193 0822 81E0      		ldi r24,lo8(1)
 1194 0824 90E0      		ldi r25,hi8(1)
 1195 0826 00C0      		rjmp 2f
 1196 0828 880F      	1:	lsl r24
GAS LISTING C:\Users\RAGHAV~1\AppData\Local\Temp/ccAiQiqo.s 			page 22


 1197 082a 991F      		rol r25
 1198 082c 0A95      	2:	dec r16
 1199 082e 02F4      		brpl 1b
 1200 0830 8095      		com r24
 1201 0832 8223      		and r24,r18
 1202 0834 0E94 0000 		call ks0108WriteData
 1203               	/* epilogue start */
 1204 0838 1F91      		pop r17
 1205 083a 0F91      		pop r16
 1206 083c 0895      		ret
 1207               	.L150:
 1208 083e 0770      		andi r16,lo8(7)
 1209 0840 81E0      		ldi r24,lo8(1)
 1210 0842 90E0      		ldi r25,hi8(1)
 1211 0844 00C0      		rjmp 2f
 1212 0846 880F      	1:	lsl r24
 1213 0848 991F      		rol r25
 1214 084a 0A95      	2:	dec r16
 1215 084c 02F4      		brpl 1b
 1216 084e 822B      		or r24,r18
 1217 0850 0E94 0000 		call ks0108WriteData
 1218 0854 1F91      		pop r17
 1219 0856 0F91      		pop r16
 1220 0858 0895      		ret
 1221               		.size	ks0108SetDot, .-ks0108SetDot
 1222               	.global	ks0108InvertRect
 1223               		.type	ks0108InvertRect, @function
 1224               	ks0108InvertRect:
 1225 085a AF92      		push r10
 1226 085c BF92      		push r11
 1227 085e CF92      		push r12
 1228 0860 DF92      		push r13
 1229 0862 EF92      		push r14
 1230 0864 FF92      		push r15
 1231 0866 0F93      		push r16
 1232 0868 1F93      		push r17
 1233 086a CF93      		push r28
 1234 086c DF93      		push r29
 1235               	/* prologue: function */
 1236               	/* frame size = 0 */
 1237 086e B82E      		mov r11,r24
 1238 0870 C42E      		mov r12,r20
 1239 0872 A22E      		mov r10,r18
 1240 0874 A394      		inc r10
 1241 0876 462F      		mov r20,r22
 1242 0878 4770      		andi r20,lo8(7)
 1243 087a 062F      		mov r16,r22
 1244 087c 041B      		sub r16,r20
 1245 087e CA2D      		mov r28,r10
 1246 0880 D0E0      		ldi r29,lo8(0)
 1247 0882 642F      		mov r22,r20
 1248 0884 70E0      		ldi r23,lo8(0)
 1249 0886 28E0      		ldi r18,lo8(8)
 1250 0888 30E0      		ldi r19,hi8(8)
 1251 088a C901      		movw r24,r18
 1252 088c 861B      		sub r24,r22
 1253 088e 970B      		sbc r25,r23
GAS LISTING C:\Users\RAGHAV~1\AppData\Local\Temp/ccAiQiqo.s 			page 23


 1254 0890 C817      		cp r28,r24
 1255 0892 D907      		cpc r29,r25
 1256 0894 04F0      		brlt .+2
 1257 0896 00C0      		rjmp .L152
 1258 0898 2C1B      		sub r18,r28
 1259 089a 3D0B      		sbc r19,r29
 1260 089c 8FEF      		ldi r24,lo8(255)
 1261 089e 90E0      		ldi r25,hi8(255)
 1262 08a0 00C0      		rjmp 2f
 1263 08a2 9595      	1:	asr r25
 1264 08a4 8795      		ror r24
 1265 08a6 2A95      	2:	dec r18
 1266 08a8 02F4      		brpl 1b
 1267 08aa 90E0      		ldi r25,lo8(0)
 1268 08ac FA2C      		mov r15,r10
 1269               	.L153:
 1270 08ae 00C0      		rjmp 2f
 1271 08b0 880F      	1:	lsl r24
 1272 08b2 991F      		rol r25
 1273 08b4 6A95      	2:	dec r22
 1274 08b6 02F4      		brpl 1b
 1275 08b8 D82E      		mov r13,r24
 1276 08ba 8B2D      		mov r24,r11
 1277 08bc 602F      		mov r22,r16
 1278 08be 0E94 0000 		call ks0108GotoXY
 1279 08c2 ED2C      		mov r14,r13
 1280 08c4 E094      		com r14
 1281 08c6 10E0      		ldi r17,lo8(0)
 1282               	.L154:
 1283 08c8 81E0      		ldi r24,lo8(1)
 1284 08ca 0E94 0000 		call ks0108DoReadData
 1285 08ce 80E0      		ldi r24,lo8(0)
 1286 08d0 0E94 0000 		call ks0108DoReadData
 1287 08d4 982F      		mov r25,r24
 1288 08d6 8E2D      		mov r24,r14
 1289 08d8 8923      		and r24,r25
 1290 08da 9095      		com r25
 1291 08dc 9D21      		and r25,r13
 1292 08de 892B      		or r24,r25
 1293 08e0 0E94 0000 		call ks0108WriteData
 1294 08e4 1F5F      		subi r17,lo8(-(1))
 1295 08e6 C116      		cp r12,r17
 1296 08e8 00F4      		brsh .L154
 1297 08ea 2F2D      		mov r18,r15
 1298 08ec 30E0      		ldi r19,lo8(0)
 1299 08ee C901      		movw r24,r18
 1300 08f0 0796      		adiw r24,7
 1301 08f2 8C17      		cp r24,r28
 1302 08f4 9D07      		cpc r25,r29
 1303 08f6 04F4      		brge .L165
 1304               	.L157:
 1305 08f8 085F      		subi r16,lo8(-(8))
 1306 08fa 8B2D      		mov r24,r11
 1307 08fc 602F      		mov r22,r16
 1308 08fe 0E94 0000 		call ks0108GotoXY
 1309 0902 10E0      		ldi r17,lo8(0)
 1310               	.L156:
GAS LISTING C:\Users\RAGHAV~1\AppData\Local\Temp/ccAiQiqo.s 			page 24


 1311 0904 81E0      		ldi r24,lo8(1)
 1312 0906 0E94 0000 		call ks0108DoReadData
 1313 090a 80E0      		ldi r24,lo8(0)
 1314 090c 0E94 0000 		call ks0108DoReadData
 1315 0910 8095      		com r24
 1316 0912 0E94 0000 		call ks0108WriteData
 1317 0916 1F5F      		subi r17,lo8(-(1))
 1318 0918 C116      		cp r12,r17
 1319 091a 00F4      		brsh .L156
 1320 091c 88E0      		ldi r24,lo8(8)
 1321 091e F80E      		add r15,r24
 1322 0920 2F2D      		mov r18,r15
 1323 0922 30E0      		ldi r19,lo8(0)
 1324 0924 C901      		movw r24,r18
 1325 0926 0796      		adiw r24,7
 1326 0928 8C17      		cp r24,r28
 1327 092a 9D07      		cpc r25,r29
 1328 092c 04F0      		brlt .L157
 1329               	.L165:
 1330 092e FA14      		cp r15,r10
 1331 0930 00F0      		brlo .L166
 1332               	.L160:
 1333               	/* epilogue start */
 1334 0932 DF91      		pop r29
 1335 0934 CF91      		pop r28
 1336 0936 1F91      		pop r17
 1337 0938 0F91      		pop r16
 1338 093a FF90      		pop r15
 1339 093c EF90      		pop r14
 1340 093e DF90      		pop r13
 1341 0940 CF90      		pop r12
 1342 0942 BF90      		pop r11
 1343 0944 AF90      		pop r10
 1344 0946 0895      		ret
 1345               	.L152:
 1346 0948 38E0      		ldi r19,lo8(8)
 1347 094a F32E      		mov r15,r19
 1348 094c F41A      		sub r15,r20
 1349 094e 8FEF      		ldi r24,lo8(255)
 1350 0950 90E0      		ldi r25,hi8(255)
 1351 0952 00C0      		rjmp .L153
 1352               	.L166:
 1353 0954 C21B      		sub r28,r18
 1354 0956 D30B      		sbc r29,r19
 1355 0958 8FEF      		ldi r24,lo8(255)
 1356 095a 90E0      		ldi r25,hi8(255)
 1357 095c 00C0      		rjmp 2f
 1358 095e 880F      	1:	lsl r24
 1359 0960 991F      		rol r25
 1360 0962 CA95      	2:	dec r28
 1361 0964 02F4      		brpl 1b
 1362 0966 F82E      		mov r15,r24
 1363 0968 F094      		com r15
 1364 096a 085F      		subi r16,lo8(-(8))
 1365 096c 8B2D      		mov r24,r11
 1366 096e 602F      		mov r22,r16
 1367 0970 0E94 0000 		call ks0108GotoXY
GAS LISTING C:\Users\RAGHAV~1\AppData\Local\Temp/ccAiQiqo.s 			page 25


 1368 0974 0F2D      		mov r16,r15
 1369 0976 0095      		com r16
 1370 0978 10E0      		ldi r17,lo8(0)
 1371               	.L159:
 1372 097a 81E0      		ldi r24,lo8(1)
 1373 097c 0E94 0000 		call ks0108DoReadData
 1374 0980 80E0      		ldi r24,lo8(0)
 1375 0982 0E94 0000 		call ks0108DoReadData
 1376 0986 982F      		mov r25,r24
 1377 0988 802F      		mov r24,r16
 1378 098a 8923      		and r24,r25
 1379 098c 9095      		com r25
 1380 098e 9F21      		and r25,r15
 1381 0990 892B      		or r24,r25
 1382 0992 0E94 0000 		call ks0108WriteData
 1383 0996 1F5F      		subi r17,lo8(-(1))
 1384 0998 C116      		cp r12,r17
 1385 099a 00F4      		brsh .L159
 1386 099c 00C0      		rjmp .L160
 1387               		.size	ks0108InvertRect, .-ks0108InvertRect
 1388               	.global	ks0108SetInverted
 1389               		.type	ks0108SetInverted, @function
 1390               	ks0108SetInverted:
 1391 099e 1F93      		push r17
 1392               	/* prologue: function */
 1393               	/* frame size = 0 */
 1394 09a0 182F      		mov r17,r24
 1395 09a2 8091 0000 		lds r24,ks0108Inverted
 1396 09a6 8117      		cp r24,r17
 1397 09a8 01F0      		breq .L169
 1398 09aa 80E0      		ldi r24,lo8(0)
 1399 09ac 60E0      		ldi r22,lo8(0)
 1400 09ae 4FE7      		ldi r20,lo8(127)
 1401 09b0 2FE3      		ldi r18,lo8(63)
 1402 09b2 0E94 0000 		call ks0108InvertRect
 1403 09b6 1093 0000 		sts ks0108Inverted,r17
 1404               	.L169:
 1405               	/* epilogue start */
 1406 09ba 1F91      		pop r17
 1407 09bc 0895      		ret
 1408               		.size	ks0108SetInverted, .-ks0108SetInverted
 1409               	.global	ks0108FillRect
 1410               		.type	ks0108FillRect, @function
 1411               	ks0108FillRect:
 1412 09be 9F92      		push r9
 1413 09c0 AF92      		push r10
 1414 09c2 BF92      		push r11
 1415 09c4 CF92      		push r12
 1416 09c6 DF92      		push r13
 1417 09c8 EF92      		push r14
 1418 09ca FF92      		push r15
 1419 09cc 0F93      		push r16
 1420 09ce 1F93      		push r17
 1421 09d0 CF93      		push r28
 1422 09d2 DF93      		push r29
 1423               	/* prologue: function */
 1424               	/* frame size = 0 */
GAS LISTING C:\Users\RAGHAV~1\AppData\Local\Temp/ccAiQiqo.s 			page 26


 1425 09d4 B82E      		mov r11,r24
 1426 09d6 C42E      		mov r12,r20
 1427 09d8 922E      		mov r9,r18
 1428 09da D02E      		mov r13,r16
 1429 09dc 9394      		inc r9
 1430 09de 462F      		mov r20,r22
 1431 09e0 4770      		andi r20,lo8(7)
 1432 09e2 062F      		mov r16,r22
 1433 09e4 041B      		sub r16,r20
 1434 09e6 C92D      		mov r28,r9
 1435 09e8 D0E0      		ldi r29,lo8(0)
 1436 09ea 642F      		mov r22,r20
 1437 09ec 70E0      		ldi r23,lo8(0)
 1438 09ee 28E0      		ldi r18,lo8(8)
 1439 09f0 30E0      		ldi r19,hi8(8)
 1440 09f2 C901      		movw r24,r18
 1441 09f4 861B      		sub r24,r22
 1442 09f6 970B      		sbc r25,r23
 1443 09f8 C817      		cp r28,r24
 1444 09fa D907      		cpc r29,r25
 1445 09fc 04F0      		brlt .+2
 1446 09fe 00C0      		rjmp .L171
 1447 0a00 2C1B      		sub r18,r28
 1448 0a02 3D0B      		sbc r19,r29
 1449 0a04 8FEF      		ldi r24,lo8(255)
 1450 0a06 90E0      		ldi r25,hi8(255)
 1451 0a08 00C0      		rjmp 2f
 1452 0a0a 9595      	1:	asr r25
 1453 0a0c 8795      		ror r24
 1454 0a0e 2A95      	2:	dec r18
 1455 0a10 02F4      		brpl 1b
 1456 0a12 90E0      		ldi r25,lo8(0)
 1457 0a14 F92C      		mov r15,r9
 1458               	.L172:
 1459 0a16 00C0      		rjmp 2f
 1460 0a18 880F      	1:	lsl r24
 1461 0a1a 991F      		rol r25
 1462 0a1c 6A95      	2:	dec r22
 1463 0a1e 02F4      		brpl 1b
 1464 0a20 A82E      		mov r10,r24
 1465 0a22 8B2D      		mov r24,r11
 1466 0a24 602F      		mov r22,r16
 1467 0a26 0E94 0000 		call ks0108GotoXY
 1468 0a2a 10E0      		ldi r17,lo8(0)
 1469 0a2c EA2C      		mov r14,r10
 1470 0a2e E094      		com r14
 1471 0a30 00C0      		rjmp .L175
 1472               	.L173:
 1473 0a32 8E21      		and r24,r14
 1474 0a34 0E94 0000 		call ks0108WriteData
 1475 0a38 1F5F      		subi r17,lo8(-(1))
 1476 0a3a C116      		cp r12,r17
 1477 0a3c 00F0      		brlo .L187
 1478               	.L175:
 1479 0a3e 81E0      		ldi r24,lo8(1)
 1480 0a40 0E94 0000 		call ks0108DoReadData
 1481 0a44 80E0      		ldi r24,lo8(0)
GAS LISTING C:\Users\RAGHAV~1\AppData\Local\Temp/ccAiQiqo.s 			page 27


 1482 0a46 0E94 0000 		call ks0108DoReadData
 1483 0a4a 9FEF      		ldi r25,lo8(-1)
 1484 0a4c D916      		cp r13,r25
 1485 0a4e 01F4      		brne .L173
 1486 0a50 8A29      		or r24,r10
 1487 0a52 0E94 0000 		call ks0108WriteData
 1488 0a56 1F5F      		subi r17,lo8(-(1))
 1489 0a58 C116      		cp r12,r17
 1490 0a5a 00F4      		brsh .L175
 1491               	.L187:
 1492 0a5c 2F2D      		mov r18,r15
 1493 0a5e 30E0      		ldi r19,lo8(0)
 1494 0a60 C901      		movw r24,r18
 1495 0a62 0796      		adiw r24,7
 1496 0a64 8C17      		cp r24,r28
 1497 0a66 9D07      		cpc r25,r29
 1498 0a68 04F4      		brge .L188
 1499               	.L178:
 1500 0a6a 085F      		subi r16,lo8(-(8))
 1501 0a6c 8B2D      		mov r24,r11
 1502 0a6e 602F      		mov r22,r16
 1503 0a70 0E94 0000 		call ks0108GotoXY
 1504 0a74 10E0      		ldi r17,lo8(0)
 1505               	.L177:
 1506 0a76 8D2D      		mov r24,r13
 1507 0a78 0E94 0000 		call ks0108WriteData
 1508 0a7c 1F5F      		subi r17,lo8(-(1))
 1509 0a7e C116      		cp r12,r17
 1510 0a80 00F4      		brsh .L177
 1511 0a82 88E0      		ldi r24,lo8(8)
 1512 0a84 F80E      		add r15,r24
 1513 0a86 2F2D      		mov r18,r15
 1514 0a88 30E0      		ldi r19,lo8(0)
 1515 0a8a C901      		movw r24,r18
 1516 0a8c 0796      		adiw r24,7
 1517 0a8e 8C17      		cp r24,r28
 1518 0a90 9D07      		cpc r25,r29
 1519 0a92 04F0      		brlt .L178
 1520               	.L188:
 1521 0a94 F914      		cp r15,r9
 1522 0a96 00F0      		brlo .L189
 1523               	.L183:
 1524               	/* epilogue start */
 1525 0a98 DF91      		pop r29
 1526 0a9a CF91      		pop r28
 1527 0a9c 1F91      		pop r17
 1528 0a9e 0F91      		pop r16
 1529 0aa0 FF90      		pop r15
 1530 0aa2 EF90      		pop r14
 1531 0aa4 DF90      		pop r13
 1532 0aa6 CF90      		pop r12
 1533 0aa8 BF90      		pop r11
 1534 0aaa AF90      		pop r10
 1535 0aac 9F90      		pop r9
 1536 0aae 0895      		ret
 1537               	.L171:
 1538 0ab0 58E0      		ldi r21,lo8(8)
GAS LISTING C:\Users\RAGHAV~1\AppData\Local\Temp/ccAiQiqo.s 			page 28


 1539 0ab2 F52E      		mov r15,r21
 1540 0ab4 F41A      		sub r15,r20
 1541 0ab6 8FEF      		ldi r24,lo8(255)
 1542 0ab8 90E0      		ldi r25,hi8(255)
 1543 0aba 00C0      		rjmp .L172
 1544               	.L189:
 1545 0abc C21B      		sub r28,r18
 1546 0abe D30B      		sbc r29,r19
 1547 0ac0 8FEF      		ldi r24,lo8(255)
 1548 0ac2 90E0      		ldi r25,hi8(255)
 1549 0ac4 00C0      		rjmp 2f
 1550 0ac6 880F      	1:	lsl r24
 1551 0ac8 991F      		rol r25
 1552 0aca CA95      	2:	dec r28
 1553 0acc 02F4      		brpl 1b
 1554 0ace F82E      		mov r15,r24
 1555 0ad0 F094      		com r15
 1556 0ad2 085F      		subi r16,lo8(-(8))
 1557 0ad4 8B2D      		mov r24,r11
 1558 0ad6 602F      		mov r22,r16
 1559 0ad8 0E94 0000 		call ks0108GotoXY
 1560 0adc 10E0      		ldi r17,lo8(0)
 1561 0ade 0F2D      		mov r16,r15
 1562 0ae0 0095      		com r16
 1563 0ae2 00C0      		rjmp .L182
 1564               	.L180:
 1565 0ae4 8023      		and r24,r16
 1566               	.L181:
 1567 0ae6 0E94 0000 		call ks0108WriteData
 1568 0aea 1F5F      		subi r17,lo8(-(1))
 1569 0aec C116      		cp r12,r17
 1570 0aee 00F0      		brlo .L183
 1571               	.L182:
 1572 0af0 81E0      		ldi r24,lo8(1)
 1573 0af2 0E94 0000 		call ks0108DoReadData
 1574 0af6 80E0      		ldi r24,lo8(0)
 1575 0af8 0E94 0000 		call ks0108DoReadData
 1576 0afc 9FEF      		ldi r25,lo8(-1)
 1577 0afe D916      		cp r13,r25
 1578 0b00 01F4      		brne .L180
 1579 0b02 8F29      		or r24,r15
 1580 0b04 00C0      		rjmp .L181
 1581               		.size	ks0108FillRect, .-ks0108FillRect
 1582               	.global	ks0108Init
 1583               		.type	ks0108Init, @function
 1584               	ks0108Init:
 1585 0b06 0F93      		push r16
 1586               	/* prologue: function */
 1587               	/* frame size = 0 */
 1588 0b08 1092 0000 		sts ks0108Coord,__zero_reg__
 1589 0b0c 1092 0000 		sts ks0108Coord+1,__zero_reg__
 1590 0b10 1092 0000 		sts ks0108Coord+2,__zero_reg__
 1591 0b14 8093 0000 		sts ks0108Inverted,r24
 1592 0b18 8FEF      		ldi r24,lo8(-1)
 1593 0b1a 81BB      		out 49-32,r24
 1594 0b1c 959A      		sbi 50-32,5
 1595 0b1e 8FE3      		ldi r24,lo8(63)
GAS LISTING C:\Users\RAGHAV~1\AppData\Local\Temp/ccAiQiqo.s 			page 29


 1596 0b20 60E0      		ldi r22,lo8(0)
 1597 0b22 0E94 0000 		call ks0108WriteCommand
 1598 0b26 8FE3      		ldi r24,lo8(63)
 1599 0b28 61E0      		ldi r22,lo8(1)
 1600 0b2a 0E94 0000 		call ks0108WriteCommand
 1601 0b2e 8AEF      		ldi r24,lo8(250)
 1602 0b30 90E0      		ldi r25,hi8(250)
 1603               	/* #APP */
 1604               	 ;  105 "c:/winavr-20100110/lib/gcc/../../avr/include/util/delay_basic.h" 1
 1605 0b32 0197      		1: sbiw r24,1
 1606 0b34 01F4      		brne 1b
 1607               	 ;  0 "" 2
 1608               	/* #NOAPP */
 1609 0b36 80EC      		ldi r24,lo8(-64)
 1610 0b38 60E0      		ldi r22,lo8(0)
 1611 0b3a 0E94 0000 		call ks0108WriteCommand
 1612 0b3e 80EC      		ldi r24,lo8(-64)
 1613 0b40 61E0      		ldi r22,lo8(1)
 1614 0b42 0E94 0000 		call ks0108WriteCommand
 1615 0b46 80E0      		ldi r24,lo8(0)
 1616 0b48 60E0      		ldi r22,lo8(0)
 1617 0b4a 4FE7      		ldi r20,lo8(127)
 1618 0b4c 2FE3      		ldi r18,lo8(63)
 1619 0b4e 00E0      		ldi r16,lo8(0)
 1620 0b50 0E94 0000 		call ks0108FillRect
 1621 0b54 80E0      		ldi r24,lo8(0)
 1622 0b56 60E0      		ldi r22,lo8(0)
 1623 0b58 0E94 0000 		call ks0108GotoXY
 1624               	/* epilogue start */
 1625 0b5c 0F91      		pop r16
 1626 0b5e 0895      		ret
 1627               		.size	ks0108Init, .-ks0108Init
 1628               	.global	ks0108DrawRoundRect
 1629               		.type	ks0108DrawRoundRect, @function
 1630               	ks0108DrawRoundRect:
 1631 0b60 2F92      		push r2
 1632 0b62 3F92      		push r3
 1633 0b64 4F92      		push r4
 1634 0b66 5F92      		push r5
 1635 0b68 6F92      		push r6
 1636 0b6a 7F92      		push r7
 1637 0b6c 8F92      		push r8
 1638 0b6e 9F92      		push r9
 1639 0b70 AF92      		push r10
 1640 0b72 BF92      		push r11
 1641 0b74 CF92      		push r12
 1642 0b76 DF92      		push r13
 1643 0b78 EF92      		push r14
 1644 0b7a FF92      		push r15
 1645 0b7c 0F93      		push r16
 1646 0b7e 1F93      		push r17
 1647 0b80 DF93      		push r29
 1648 0b82 CF93      		push r28
 1649 0b84 CDB7      		in r28,__SP_L__
 1650 0b86 DEB7      		in r29,__SP_H__
 1651 0b88 2C97      		sbiw r28,12
 1652 0b8a 0FB6      		in __tmp_reg__,__SREG__
GAS LISTING C:\Users\RAGHAV~1\AppData\Local\Temp/ccAiQiqo.s 			page 30


 1653 0b8c F894      		cli
 1654 0b8e DEBF      		out __SP_H__,r29
 1655 0b90 0FBE      		out __SREG__,__tmp_reg__
 1656 0b92 CDBF      		out __SP_L__,r28
 1657               	/* prologue: function */
 1658               	/* frame size = 12 */
 1659 0b94 8F83      		std Y+7,r24
 1660 0b96 6887      		std Y+8,r22
 1661 0b98 4987      		std Y+9,r20
 1662 0b9a 2A87      		std Y+10,r18
 1663 0b9c AE2C      		mov r10,r14
 1664 0b9e 602E      		mov r6,r16
 1665 0ba0 7724      		clr r7
 1666 0ba2 C301      		movw r24,r6
 1667 0ba4 880F      		lsl r24
 1668 0ba6 991F      		rol r25
 1669 0ba8 2227      		clr r18
 1670 0baa 3327      		clr r19
 1671 0bac 281B      		sub r18,r24
 1672 0bae 390B      		sbc r19,r25
 1673 0bb0 3E83      		std Y+6,r19
 1674 0bb2 2D83      		std Y+5,r18
 1675 0bb4 2D5F      		subi r18,lo8(-(3))
 1676 0bb6 3F4F      		sbci r19,hi8(-(3))
 1677 0bb8 3C87      		std Y+12,r19
 1678 0bba 2B87      		std Y+11,r18
 1679 0bbc 3F80      		ldd r3,Y+7
 1680 0bbe 300E      		add r3,r16
 1681 0bc0 262E      		mov r2,r22
 1682 0bc2 200E      		add r2,r16
 1683 0bc4 342F      		mov r19,r20
 1684 0bc6 8F81      		ldd r24,Y+7
 1685 0bc8 380F      		add r19,r24
 1686 0bca 3C83      		std Y+4,r19
 1687 0bcc 301B      		sub r19,r16
 1688 0bce 3B83      		std Y+3,r19
 1689 0bd0 9A85      		ldd r25,Y+10
 1690 0bd2 960F      		add r25,r22
 1691 0bd4 9983      		std Y+1,r25
 1692 0bd6 901B      		sub r25,r16
 1693 0bd8 9A83      		std Y+2,r25
 1694 0bda 8824      		clr r8
 1695 0bdc 9924      		clr r9
 1696 0bde 4424      		clr r4
 1697 0be0 5524      		clr r5
 1698 0be2 00C0      		rjmp .L195
 1699               	.L193:
 1700 0be4 EB85      		ldd r30,Y+11
 1701 0be6 FC85      		ldd r31,Y+12
 1702 0be8 3A96      		adiw r30,10
 1703 0bea C401      		movw r24,r8
 1704 0bec 8619      		sub r24,r6
 1705 0bee 9709      		sbc r25,r7
 1706 0bf0 880F      		lsl r24
 1707 0bf2 991F      		rol r25
 1708 0bf4 880F      		lsl r24
 1709 0bf6 991F      		rol r25
GAS LISTING C:\Users\RAGHAV~1\AppData\Local\Temp/ccAiQiqo.s 			page 31


 1710 0bf8 E80F      		add r30,r24
 1711 0bfa F91F      		adc r31,r25
 1712 0bfc FC87      		std Y+12,r31
 1713 0bfe EB87      		std Y+11,r30
 1714 0c00 0894      		sec
 1715 0c02 6108      		sbc r6,__zero_reg__
 1716 0c04 7108      		sbc r7,__zero_reg__
 1717               	.L194:
 1718 0c06 0894      		sec
 1719 0c08 811C      		adc r8,__zero_reg__
 1720 0c0a 911C      		adc r9,__zero_reg__
 1721 0c0c 24E0      		ldi r18,lo8(4)
 1722 0c0e 30E0      		ldi r19,hi8(4)
 1723 0c10 420E      		add r4,r18
 1724 0c12 531E      		adc r5,r19
 1725 0c14 6814      		cp r6,r8
 1726 0c16 7904      		cpc r7,r9
 1727 0c18 04F4      		brge .+2
 1728 0c1a 00C0      		rjmp .L198
 1729               	.L195:
 1730 0c1c 082D      		mov r16,r8
 1731 0c1e B32C      		mov r11,r3
 1732 0c20 B818      		sub r11,r8
 1733 0c22 162D      		mov r17,r6
 1734 0c24 E22C      		mov r14,r2
 1735 0c26 E618      		sub r14,r6
 1736 0c28 8B2D      		mov r24,r11
 1737 0c2a 6E2D      		mov r22,r14
 1738 0c2c 4A2D      		mov r20,r10
 1739 0c2e 0E94 0000 		call ks0108SetDot
 1740 0c32 C32C      		mov r12,r3
 1741 0c34 C618      		sub r12,r6
 1742 0c36 D22C      		mov r13,r2
 1743 0c38 D818      		sub r13,r8
 1744 0c3a 8C2D      		mov r24,r12
 1745 0c3c 6D2D      		mov r22,r13
 1746 0c3e 4A2D      		mov r20,r10
 1747 0c40 0E94 0000 		call ks0108SetDot
 1748 0c44 FB80      		ldd r15,Y+3
 1749 0c46 F80C      		add r15,r8
 1750 0c48 8F2D      		mov r24,r15
 1751 0c4a 6E2D      		mov r22,r14
 1752 0c4c 4A2D      		mov r20,r10
 1753 0c4e 0E94 0000 		call ks0108SetDot
 1754 0c52 EB80      		ldd r14,Y+3
 1755 0c54 E60C      		add r14,r6
 1756 0c56 8E2D      		mov r24,r14
 1757 0c58 6D2D      		mov r22,r13
 1758 0c5a 4A2D      		mov r20,r10
 1759 0c5c 0E94 0000 		call ks0108SetDot
 1760 0c60 FA81      		ldd r31,Y+2
 1761 0c62 1F0F      		add r17,r31
 1762 0c64 8F2D      		mov r24,r15
 1763 0c66 612F      		mov r22,r17
 1764 0c68 4A2D      		mov r20,r10
 1765 0c6a 0E94 0000 		call ks0108SetDot
 1766 0c6e 2A81      		ldd r18,Y+2
GAS LISTING C:\Users\RAGHAV~1\AppData\Local\Temp/ccAiQiqo.s 			page 32


 1767 0c70 020F      		add r16,r18
 1768 0c72 8E2D      		mov r24,r14
 1769 0c74 602F      		mov r22,r16
 1770 0c76 4A2D      		mov r20,r10
 1771 0c78 0E94 0000 		call ks0108SetDot
 1772 0c7c 8B2D      		mov r24,r11
 1773 0c7e 612F      		mov r22,r17
 1774 0c80 4A2D      		mov r20,r10
 1775 0c82 0E94 0000 		call ks0108SetDot
 1776 0c86 8C2D      		mov r24,r12
 1777 0c88 602F      		mov r22,r16
 1778 0c8a 4A2D      		mov r20,r10
 1779 0c8c 0E94 0000 		call ks0108SetDot
 1780 0c90 8B85      		ldd r24,Y+11
 1781 0c92 9C85      		ldd r25,Y+12
 1782 0c94 97FF      		sbrs r25,7
 1783 0c96 00C0      		rjmp .L193
 1784 0c98 0696      		adiw r24,6
 1785 0c9a 840D      		add r24,r4
 1786 0c9c 951D      		adc r25,r5
 1787 0c9e 9C87      		std Y+12,r25
 1788 0ca0 8B87      		std Y+11,r24
 1789 0ca2 00C0      		rjmp .L194
 1790               	.L198:
 1791 0ca4 1D81      		ldd r17,Y+5
 1792 0ca6 F984      		ldd r15,Y+9
 1793 0ca8 F10E      		add r15,r17
 1794 0caa 832D      		mov r24,r3
 1795 0cac 6885      		ldd r22,Y+8
 1796 0cae 4F2D      		mov r20,r15
 1797 0cb0 20E0      		ldi r18,lo8(0)
 1798 0cb2 0A2D      		mov r16,r10
 1799 0cb4 0E94 0000 		call ks0108FillRect
 1800 0cb8 832D      		mov r24,r3
 1801 0cba 6981      		ldd r22,Y+1
 1802 0cbc 4F2D      		mov r20,r15
 1803 0cbe 20E0      		ldi r18,lo8(0)
 1804 0cc0 0E94 0000 		call ks0108FillRect
 1805 0cc4 3A85      		ldd r19,Y+10
 1806 0cc6 130F      		add r17,r19
 1807 0cc8 8F81      		ldd r24,Y+7
 1808 0cca 622D      		mov r22,r2
 1809 0ccc 40E0      		ldi r20,lo8(0)
 1810 0cce 212F      		mov r18,r17
 1811 0cd0 0E94 0000 		call ks0108FillRect
 1812 0cd4 8C81      		ldd r24,Y+4
 1813 0cd6 622D      		mov r22,r2
 1814 0cd8 40E0      		ldi r20,lo8(0)
 1815 0cda 212F      		mov r18,r17
 1816 0cdc 0E94 0000 		call ks0108FillRect
 1817               	/* epilogue start */
 1818 0ce0 2C96      		adiw r28,12
 1819 0ce2 0FB6      		in __tmp_reg__,__SREG__
 1820 0ce4 F894      		cli
 1821 0ce6 DEBF      		out __SP_H__,r29
 1822 0ce8 0FBE      		out __SREG__,__tmp_reg__
 1823 0cea CDBF      		out __SP_L__,r28
GAS LISTING C:\Users\RAGHAV~1\AppData\Local\Temp/ccAiQiqo.s 			page 33


 1824 0cec CF91      		pop r28
 1825 0cee DF91      		pop r29
 1826 0cf0 1F91      		pop r17
 1827 0cf2 0F91      		pop r16
 1828 0cf4 FF90      		pop r15
 1829 0cf6 EF90      		pop r14
 1830 0cf8 DF90      		pop r13
 1831 0cfa CF90      		pop r12
 1832 0cfc BF90      		pop r11
 1833 0cfe AF90      		pop r10
 1834 0d00 9F90      		pop r9
 1835 0d02 8F90      		pop r8
 1836 0d04 7F90      		pop r7
 1837 0d06 6F90      		pop r6
 1838 0d08 5F90      		pop r5
 1839 0d0a 4F90      		pop r4
 1840 0d0c 3F90      		pop r3
 1841 0d0e 2F90      		pop r2
 1842 0d10 0895      		ret
 1843               		.size	ks0108DrawRoundRect, .-ks0108DrawRoundRect
 1844               	.global	ks0108DrawRect
 1845               		.type	ks0108DrawRect, @function
 1846               	ks0108DrawRect:
 1847 0d12 CF92      		push r12
 1848 0d14 DF92      		push r13
 1849 0d16 EF92      		push r14
 1850 0d18 FF92      		push r15
 1851 0d1a 0F93      		push r16
 1852 0d1c 1F93      		push r17
 1853               	/* prologue: function */
 1854               	/* frame size = 0 */
 1855 0d1e 182F      		mov r17,r24
 1856 0d20 F62E      		mov r15,r22
 1857 0d22 D42E      		mov r13,r20
 1858 0d24 C22E      		mov r12,r18
 1859 0d26 20E0      		ldi r18,lo8(0)
 1860 0d28 0E94 0000 		call ks0108FillRect
 1861 0d2c 6C2D      		mov r22,r12
 1862 0d2e 6F0D      		add r22,r15
 1863 0d30 812F      		mov r24,r17
 1864 0d32 4D2D      		mov r20,r13
 1865 0d34 20E0      		ldi r18,lo8(0)
 1866 0d36 0E94 0000 		call ks0108FillRect
 1867 0d3a 812F      		mov r24,r17
 1868 0d3c 6F2D      		mov r22,r15
 1869 0d3e 40E0      		ldi r20,lo8(0)
 1870 0d40 2C2D      		mov r18,r12
 1871 0d42 0E94 0000 		call ks0108FillRect
 1872 0d46 8D2D      		mov r24,r13
 1873 0d48 810F      		add r24,r17
 1874 0d4a 6F2D      		mov r22,r15
 1875 0d4c 40E0      		ldi r20,lo8(0)
 1876 0d4e 2C2D      		mov r18,r12
 1877 0d50 0E94 0000 		call ks0108FillRect
 1878               	/* epilogue start */
 1879 0d54 1F91      		pop r17
 1880 0d56 0F91      		pop r16
GAS LISTING C:\Users\RAGHAV~1\AppData\Local\Temp/ccAiQiqo.s 			page 34


 1881 0d58 FF90      		pop r15
 1882 0d5a EF90      		pop r14
 1883 0d5c DF90      		pop r13
 1884 0d5e CF90      		pop r12
 1885 0d60 0895      		ret
 1886               		.size	ks0108DrawRect, .-ks0108DrawRect
 1887               	.global	ks0108DrawLine
 1888               		.type	ks0108DrawLine, @function
 1889               	ks0108DrawLine:
 1890 0d62 3F92      		push r3
 1891 0d64 4F92      		push r4
 1892 0d66 5F92      		push r5
 1893 0d68 6F92      		push r6
 1894 0d6a 7F92      		push r7
 1895 0d6c 8F92      		push r8
 1896 0d6e 9F92      		push r9
 1897 0d70 AF92      		push r10
 1898 0d72 BF92      		push r11
 1899 0d74 CF92      		push r12
 1900 0d76 DF92      		push r13
 1901 0d78 EF92      		push r14
 1902 0d7a FF92      		push r15
 1903 0d7c 0F93      		push r16
 1904 0d7e 1F93      		push r17
 1905 0d80 CF93      		push r28
 1906 0d82 DF93      		push r29
 1907               	/* prologue: function */
 1908               	/* frame size = 0 */
 1909 0d84 A82E      		mov r10,r24
 1910 0d86 E62E      		mov r14,r22
 1911 0d88 D42E      		mov r13,r20
 1912 0d8a B22E      		mov r11,r18
 1913 0d8c 302E      		mov r3,r16
 1914 0d8e 8417      		cp r24,r20
 1915 0d90 01F4      		brne .+2
 1916 0d92 00C0      		rjmp .L228
 1917 0d94 6217      		cp r22,r18
 1918 0d96 01F4      		brne .+2
 1919 0d98 00C0      		rjmp .L229
 1920 0d9a 022F      		mov r16,r18
 1921 0d9c 10E0      		ldi r17,lo8(0)
 1922 0d9e 262F      		mov r18,r22
 1923 0da0 30E0      		ldi r19,lo8(0)
 1924 0da2 4801      		movw r8,r16
 1925 0da4 821A      		sub r8,r18
 1926 0da6 930A      		sbc r9,r19
 1927 0da8 442E      		mov r4,r20
 1928 0daa 5524      		clr r5
 1929 0dac E82F      		mov r30,r24
 1930 0dae F0E0      		ldi r31,lo8(0)
 1931 0db0 3201      		movw r6,r4
 1932 0db2 6E1A      		sub r6,r30
 1933 0db4 7F0A      		sbc r7,r31
 1934 0db6 8614      		cp r8,r6
 1935 0db8 9704      		cpc r9,r7
 1936 0dba 04F0      		brlt .+2
 1937 0dbc 00C0      		rjmp .L207
GAS LISTING C:\Users\RAGHAV~1\AppData\Local\Temp/ccAiQiqo.s 			page 35


 1938 0dbe C901      		movw r24,r18
 1939 0dc0 801B      		sub r24,r16
 1940 0dc2 910B      		sbc r25,r17
 1941 0dc4 8615      		cp r24,r6
 1942 0dc6 9705      		cpc r25,r7
 1943 0dc8 04F0      		brlt .+2
 1944 0dca 00C0      		rjmp .L207
 1945 0dcc B616      		cp r11,r22
 1946 0dce 00F4      		brsh .+2
 1947 0dd0 00C0      		rjmp .L217
 1948 0dd2 C201      		movw r24,r4
 1949 0dd4 2F01      		movw r4,r30
 1950 0dd6 FC01      		movw r30,r24
 1951               	.L218:
 1952 0dd8 CB2C      		mov r12,r11
 1953 0dda CE18      		sub r12,r14
 1954 0ddc CC2D      		mov r28,r12
 1955 0dde D0E0      		ldi r29,lo8(0)
 1956 0de0 88EC      		ldi r24,lo8(200)
 1957 0de2 90E0      		ldi r25,hi8(200)
 1958 0de4 9C01      		movw r18,r24
 1959 0de6 629E      		mul r6,r18
 1960 0de8 C001      		movw r24,r0
 1961 0dea 639E      		mul r6,r19
 1962 0dec 900D      		add r25,r0
 1963 0dee 729E      		mul r7,r18
 1964 0df0 900D      		add r25,r0
 1965 0df2 1124      		clr r1
 1966 0df4 BE01      		movw r22,r28
 1967 0df6 0E94 0000 		call __divmodhi4
 1968 0dfa 4B01      		movw r8,r22
 1969 0dfc 4A2D      		mov r20,r10
 1970 0dfe FF24      		clr r15
 1971 0e00 4E1A      		sub r4,r30
 1972 0e02 5F0A      		sbc r5,r31
 1973 0e04 00C0      		rjmp .L224
 1974               	.L230:
 1975 0e06 1F5F      		subi r17,lo8(-(1))
 1976               	.L220:
 1977 0e08 2F2D      		mov r18,r15
 1978 0e0a 2E0D      		add r18,r14
 1979 0e0c 842F      		mov r24,r20
 1980 0e0e 622F      		mov r22,r18
 1981 0e10 412F      		mov r20,r17
 1982 0e12 032D      		mov r16,r3
 1983 0e14 0E94 0000 		call ks0108DrawLine
 1984 0e18 6C16      		cp r6,r28
 1985 0e1a 7D06      		cpc r7,r29
 1986 0e1c 04F4      		brge .+2
 1987 0e1e 00C0      		rjmp .L221
 1988 0e20 AD14      		cp r10,r13
 1989 0e22 00F0      		brlo .+2
 1990 0e24 00C0      		rjmp .L221
 1991 0e26 412F      		mov r20,r17
 1992 0e28 4F5F      		subi r20,lo8(-(1))
 1993               	.L222:
 1994 0e2a F394      		inc r15
GAS LISTING C:\Users\RAGHAV~1\AppData\Local\Temp/ccAiQiqo.s 			page 36


 1995 0e2c CF14      		cp r12,r15
 1996 0e2e 00F0      		brlo .L225
 1997               	.L224:
 1998 0e30 8F2D      		mov r24,r15
 1999 0e32 90E0      		ldi r25,lo8(0)
 2000 0e34 889D      		mul r24,r8
 2001 0e36 9001      		movw r18,r0
 2002 0e38 899D      		mul r24,r9
 2003 0e3a 300D      		add r19,r0
 2004 0e3c 989D      		mul r25,r8
 2005 0e3e 300D      		add r19,r0
 2006 0e40 1124      		clr r1
 2007 0e42 C901      		movw r24,r18
 2008 0e44 68EC      		ldi r22,lo8(200)
 2009 0e46 70E0      		ldi r23,hi8(200)
 2010 0e48 0E94 0000 		call __divmodhi4
 2011 0e4c 162F      		mov r17,r22
 2012 0e4e 1A0D      		add r17,r10
 2013 0e50 C901      		movw r24,r18
 2014 0e52 68EC      		ldi r22,lo8(200)
 2015 0e54 70E0      		ldi r23,hi8(200)
 2016 0e56 0E94 0000 		call __divmodhi4
 2017 0e5a 8436      		cpi r24,100
 2018 0e5c 9105      		cpc r25,__zero_reg__
 2019 0e5e 04F4      		brge .L230
 2020 0e60 5FEF      		ldi r21,hi8(-99)
 2021 0e62 8D39      		cpi r24,lo8(-99)
 2022 0e64 9507      		cpc r25,r21
 2023 0e66 04F4      		brge .L220
 2024 0e68 1150      		subi r17,lo8(-(-1))
 2025 0e6a 00C0      		rjmp .L220
 2026               	.L229:
 2027 0e6c 4817      		cp r20,r24
 2028 0e6e 00F4      		brsh .L206
 2029 0e70 DA2C      		mov r13,r10
 2030 0e72 A42E      		mov r10,r20
 2031               	.L206:
 2032 0e74 DA18      		sub r13,r10
 2033 0e76 8A2D      		mov r24,r10
 2034 0e78 6E2D      		mov r22,r14
 2035 0e7a 4D2D      		mov r20,r13
 2036 0e7c 20E0      		ldi r18,lo8(0)
 2037 0e7e 032D      		mov r16,r3
 2038 0e80 0E94 0000 		call ks0108FillRect
 2039               	.L225:
 2040               	/* epilogue start */
 2041 0e84 DF91      		pop r29
 2042 0e86 CF91      		pop r28
 2043 0e88 1F91      		pop r17
 2044 0e8a 0F91      		pop r16
 2045 0e8c FF90      		pop r15
 2046 0e8e EF90      		pop r14
 2047 0e90 DF90      		pop r13
 2048 0e92 CF90      		pop r12
 2049 0e94 BF90      		pop r11
 2050 0e96 AF90      		pop r10
 2051 0e98 9F90      		pop r9
GAS LISTING C:\Users\RAGHAV~1\AppData\Local\Temp/ccAiQiqo.s 			page 37


 2052 0e9a 8F90      		pop r8
 2053 0e9c 7F90      		pop r7
 2054 0e9e 6F90      		pop r6
 2055 0ea0 5F90      		pop r5
 2056 0ea2 4F90      		pop r4
 2057 0ea4 3F90      		pop r3
 2058 0ea6 0895      		ret
 2059               	.L207:
 2060 0ea8 DA14      		cp r13,r10
 2061 0eaa 00F4      		brsh .+2
 2062 0eac 00C0      		rjmp .L209
 2063 0eae C801      		movw r24,r16
 2064 0eb0 8901      		movw r16,r18
 2065 0eb2 9C01      		movw r18,r24
 2066               	.L210:
 2067 0eb4 5D2C      		mov r5,r13
 2068 0eb6 5A18      		sub r5,r10
 2069 0eb8 C52D      		mov r28,r5
 2070 0eba D0E0      		ldi r29,lo8(0)
 2071 0ebc 88EC      		ldi r24,lo8(200)
 2072 0ebe 90E0      		ldi r25,hi8(200)
 2073 0ec0 AC01      		movw r20,r24
 2074 0ec2 849E      		mul r8,r20
 2075 0ec4 C001      		movw r24,r0
 2076 0ec6 859E      		mul r8,r21
 2077 0ec8 900D      		add r25,r0
 2078 0eca 949E      		mul r9,r20
 2079 0ecc 900D      		add r25,r0
 2080 0ece 1124      		clr r1
 2081 0ed0 BE01      		movw r22,r28
 2082 0ed2 0E94 0000 		call __divmodhi4
 2083 0ed6 6B01      		movw r12,r22
 2084 0ed8 EE2D      		mov r30,r14
 2085 0eda FF24      		clr r15
 2086 0edc 3801      		movw r6,r16
 2087 0ede 621A      		sub r6,r18
 2088 0ee0 730A      		sbc r7,r19
 2089 0ee2 00C0      		rjmp .L216
 2090               	.L231:
 2091 0ee4 1F5F      		subi r17,lo8(-(1))
 2092               	.L212:
 2093 0ee6 4F2D      		mov r20,r15
 2094 0ee8 4A0D      		add r20,r10
 2095 0eea 842F      		mov r24,r20
 2096 0eec 6E2F      		mov r22,r30
 2097 0eee 212F      		mov r18,r17
 2098 0ef0 032D      		mov r16,r3
 2099 0ef2 0E94 0000 		call ks0108DrawLine
 2100 0ef6 8C16      		cp r8,r28
 2101 0ef8 9D06      		cpc r9,r29
 2102 0efa 04F0      		brlt .L213
 2103 0efc EB14      		cp r14,r11
 2104 0efe 00F4      		brsh .L213
 2105 0f00 E12F      		mov r30,r17
 2106 0f02 EF5F      		subi r30,lo8(-(1))
 2107               	.L214:
 2108 0f04 F394      		inc r15
GAS LISTING C:\Users\RAGHAV~1\AppData\Local\Temp/ccAiQiqo.s 			page 38


 2109 0f06 5F14      		cp r5,r15
 2110 0f08 00F4      		brsh .+2
 2111 0f0a 00C0      		rjmp .L225
 2112               	.L216:
 2113 0f0c 8F2D      		mov r24,r15
 2114 0f0e 90E0      		ldi r25,lo8(0)
 2115 0f10 8C9D      		mul r24,r12
 2116 0f12 9001      		movw r18,r0
 2117 0f14 8D9D      		mul r24,r13
 2118 0f16 300D      		add r19,r0
 2119 0f18 9C9D      		mul r25,r12
 2120 0f1a 300D      		add r19,r0
 2121 0f1c 1124      		clr r1
 2122 0f1e C901      		movw r24,r18
 2123 0f20 68EC      		ldi r22,lo8(200)
 2124 0f22 70E0      		ldi r23,hi8(200)
 2125 0f24 0E94 0000 		call __divmodhi4
 2126 0f28 162F      		mov r17,r22
 2127 0f2a 1E0D      		add r17,r14
 2128 0f2c C901      		movw r24,r18
 2129 0f2e 68EC      		ldi r22,lo8(200)
 2130 0f30 70E0      		ldi r23,hi8(200)
 2131 0f32 0E94 0000 		call __divmodhi4
 2132 0f36 8436      		cpi r24,100
 2133 0f38 9105      		cpc r25,__zero_reg__
 2134 0f3a 04F4      		brge .L231
 2135 0f3c 5FEF      		ldi r21,hi8(-99)
 2136 0f3e 8D39      		cpi r24,lo8(-99)
 2137 0f40 9507      		cpc r25,r21
 2138 0f42 04F4      		brge .L212
 2139 0f44 1150      		subi r17,lo8(-(-1))
 2140 0f46 00C0      		rjmp .L212
 2141               	.L228:
 2142 0f48 2617      		cp r18,r22
 2143 0f4a 00F4      		brsh .L203
 2144 0f4c B62E      		mov r11,r22
 2145 0f4e E22E      		mov r14,r18
 2146               	.L203:
 2147 0f50 BE18      		sub r11,r14
 2148 0f52 8A2D      		mov r24,r10
 2149 0f54 6E2D      		mov r22,r14
 2150 0f56 40E0      		ldi r20,lo8(0)
 2151 0f58 2B2D      		mov r18,r11
 2152 0f5a 032D      		mov r16,r3
 2153 0f5c 0E94 0000 		call ks0108FillRect
 2154 0f60 00C0      		rjmp .L225
 2155               	.L209:
 2156 0f62 4901      		movw r8,r18
 2157 0f64 801A      		sub r8,r16
 2158 0f66 910A      		sbc r9,r17
 2159 0f68 8D2D      		mov r24,r13
 2160 0f6a DA2C      		mov r13,r10
 2161 0f6c A82E      		mov r10,r24
 2162 0f6e 8B2D      		mov r24,r11
 2163 0f70 BE2C      		mov r11,r14
 2164 0f72 E82E      		mov r14,r24
 2165 0f74 00C0      		rjmp .L210
GAS LISTING C:\Users\RAGHAV~1\AppData\Local\Temp/ccAiQiqo.s 			page 39


 2166               	.L213:
 2167 0f76 6C16      		cp r6,r28
 2168 0f78 7D06      		cpc r7,r29
 2169 0f7a 04F0      		brlt .L215
 2170 0f7c BE14      		cp r11,r14
 2171 0f7e 00F4      		brsh .L215
 2172 0f80 E12F      		mov r30,r17
 2173 0f82 E150      		subi r30,lo8(-(-1))
 2174 0f84 00C0      		rjmp .L214
 2175               	.L215:
 2176 0f86 E12F      		mov r30,r17
 2177 0f88 00C0      		rjmp .L214
 2178               	.L221:
 2179 0f8a 4C16      		cp r4,r28
 2180 0f8c 5D06      		cpc r5,r29
 2181 0f8e 04F0      		brlt .L223
 2182 0f90 DA14      		cp r13,r10
 2183 0f92 00F4      		brsh .L223
 2184 0f94 412F      		mov r20,r17
 2185 0f96 4150      		subi r20,lo8(-(-1))
 2186 0f98 00C0      		rjmp .L222
 2187               	.L223:
 2188 0f9a 412F      		mov r20,r17
 2189 0f9c 00C0      		rjmp .L222
 2190               	.L217:
 2191 0f9e 3F01      		movw r6,r30
 2192 0fa0 6418      		sub r6,r4
 2193 0fa2 7508      		sbc r7,r5
 2194 0fa4 DA2C      		mov r13,r10
 2195 0fa6 A42E      		mov r10,r20
 2196 0fa8 B62E      		mov r11,r22
 2197 0faa E02E      		mov r14,r16
 2198 0fac 00C0      		rjmp .L218
 2199               		.size	ks0108DrawLine, .-ks0108DrawLine
 2200               	.global	ks0108Inverted
 2201               	.global	ks0108Inverted
 2202               		.section .bss
 2203               		.type	ks0108Inverted, @object
 2204               		.size	ks0108Inverted, 1
 2205               	ks0108Inverted:
 2206 0000 00        		.skip 1,0
 2207               		.section	.progmem.data,"a",@progbits
 2208               		.type	__c.1751, @object
 2209               		.size	__c.1751, 8
 2210               	__c.1751:
 2211 0000 4B4E 4120 		.string	"KNA Bug"
 2211      4275 6700 
 2212               		.type	__c.1749, @object
 2213               		.size	__c.1749, 8
 2214               	__c.1749:
 2215 0008 5469 6D65 		.string	"Timeout"
 2215      6F75 7400 
 2216               		.type	__c.1736, @object
 2217               		.size	__c.1736, 11
 2218               	__c.1736:
 2219 0010 5275 6E6E 		.string	"Running..."
 2219      696E 672E 
GAS LISTING C:\Users\RAGHAV~1\AppData\Local\Temp/ccAiQiqo.s 			page 40


 2219      2E2E 00
 2220               		.type	__c.1734, @object
 2221               		.size	__c.1734, 7
 2222               	__c.1734:
 2223 001b 7543 4F53 		.string	"uCOSii"
 2223      6969 00
 2224               		.comm TaskStk,256,1
 2225               		.comm AtCmdDetails,5,1
 2226               		.comm ks0108Coord,3,1
 2227               		.comm ks0108FontRead,2,1
 2228               		.comm ks0108FontColor,1,1
 2229               		.comm ks0108Font,2,1
 2230               	.global __do_copy_data
 2231               	.global __do_clear_bss
GAS LISTING C:\Users\RAGHAV~1\AppData\Local\Temp/ccAiQiqo.s 			page 41


DEFINED SYMBOLS
                            *ABS*:00000000 main.c
C:\Users\RAGHAV~1\AppData\Local\Temp/ccAiQiqo.s:2      *ABS*:0000003f __SREG__
C:\Users\RAGHAV~1\AppData\Local\Temp/ccAiQiqo.s:3      *ABS*:0000003e __SP_H__
C:\Users\RAGHAV~1\AppData\Local\Temp/ccAiQiqo.s:4      *ABS*:0000003d __SP_L__
C:\Users\RAGHAV~1\AppData\Local\Temp/ccAiQiqo.s:5      *ABS*:00000034 __CCP__
C:\Users\RAGHAV~1\AppData\Local\Temp/ccAiQiqo.s:6      *ABS*:00000000 __tmp_reg__
C:\Users\RAGHAV~1\AppData\Local\Temp/ccAiQiqo.s:7      *ABS*:00000001 __zero_reg__
C:\Users\RAGHAV~1\AppData\Local\Temp/ccAiQiqo.s:11     .text:00000000 ks0108ReadFontData
C:\Users\RAGHAV~1\AppData\Local\Temp/ccAiQiqo.s:26     .text:00000006 ks0108SelectFont
                            *COM*:00000002 ks0108Font
                            *COM*:00000002 ks0108FontRead
                            *COM*:00000001 ks0108FontColor
C:\Users\RAGHAV~1\AppData\Local\Temp/ccAiQiqo.s:39     .text:0000001c ks0108CharWidth
C:\Users\RAGHAV~1\AppData\Local\Temp/ccAiQiqo.s:96     .text:00000094 ks0108StringWidth
C:\Users\RAGHAV~1\AppData\Local\Temp/ccAiQiqo.s:132    .text:000000ca ks0108StringWidth_P
C:\Users\RAGHAV~1\AppData\Local\Temp/ccAiQiqo.s:189    .text:0000010c ks0108Enable
C:\Users\RAGHAV~1\AppData\Local\Temp/ccAiQiqo.s:227    .text:0000013c main
C:\Users\RAGHAV~1\AppData\Local\Temp/ccAiQiqo.s:1083   .text:0000075c TaskMain
                            *COM*:00000100 TaskStk
C:\Users\RAGHAV~1\AppData\Local\Temp/ccAiQiqo.s:248    .text:00000160 ks0108WriteCommand
C:\Users\RAGHAV~1\AppData\Local\Temp/ccAiQiqo.s:306    .text:000001b2 ks0108GotoXY
                            *COM*:00000003 ks0108Coord
C:\Users\RAGHAV~1\AppData\Local\Temp/ccAiQiqo.s:354    .text:00000206 ks0108DoReadData
C:\Users\RAGHAV~1\AppData\Local\Temp/ccAiQiqo.s:2205   .bss:00000000 ks0108Inverted
C:\Users\RAGHAV~1\AppData\Local\Temp/ccAiQiqo.s:430    .text:00000286 ks0108ReadData
C:\Users\RAGHAV~1\AppData\Local\Temp/ccAiQiqo.s:442    .text:00000294 ks0108WriteData
C:\Users\RAGHAV~1\AppData\Local\Temp/ccAiQiqo.s:639    .text:000003f6 ks0108PutChar
C:\Users\RAGHAV~1\AppData\Local\Temp/ccAiQiqo.s:949    .text:00000682 ks0108Puts_P
C:\Users\RAGHAV~1\AppData\Local\Temp/ccAiQiqo.s:1025   .text:000006e6 TaskGsm
                            *COM*:00000005 AtCmdDetails
C:\Users\RAGHAV~1\AppData\Local\Temp/ccAiQiqo.s:2210   .progmem.data:00000000 __c.1751
C:\Users\RAGHAV~1\AppData\Local\Temp/ccAiQiqo.s:2214   .progmem.data:00000008 __c.1749
C:\Users\RAGHAV~1\AppData\Local\Temp/ccAiQiqo.s:2222   .progmem.data:0000001b __c.1734
C:\Users\RAGHAV~1\AppData\Local\Temp/ccAiQiqo.s:2218   .progmem.data:00000010 __c.1736
C:\Users\RAGHAV~1\AppData\Local\Temp/ccAiQiqo.s:1129   .text:000007a6 ks0108Puts
C:\Users\RAGHAV~1\AppData\Local\Temp/ccAiQiqo.s:1176   .text:00000800 ks0108SetDot
C:\Users\RAGHAV~1\AppData\Local\Temp/ccAiQiqo.s:1224   .text:0000085a ks0108InvertRect
C:\Users\RAGHAV~1\AppData\Local\Temp/ccAiQiqo.s:1390   .text:0000099e ks0108SetInverted
C:\Users\RAGHAV~1\AppData\Local\Temp/ccAiQiqo.s:1411   .text:000009be ks0108FillRect
C:\Users\RAGHAV~1\AppData\Local\Temp/ccAiQiqo.s:1584   .text:00000b06 ks0108Init
C:\Users\RAGHAV~1\AppData\Local\Temp/ccAiQiqo.s:1630   .text:00000b60 ks0108DrawRoundRect
C:\Users\RAGHAV~1\AppData\Local\Temp/ccAiQiqo.s:1846   .text:00000d12 ks0108DrawRect
C:\Users\RAGHAV~1\AppData\Local\Temp/ccAiQiqo.s:1889   .text:00000d62 ks0108DrawLine

UNDEFINED SYMBOLS
OSInit
BoardInit
OSTaskCreate
OSStart
SendAtCommand
OSTimeDly
__divmodhi4
__do_copy_data
__do_clear_bss
